Log file open, 04/01/23 14:52:04
LogWindows: Failed to load 'aqProf.dll' (GetLastError=126)
LogWindows: File 'aqProf.dll' does not exist
LogWindows: Failed to load 'VtuneApi.dll' (GetLastError=126)
LogWindows: File 'VtuneApi.dll' does not exist
LogWindows: Failed to load 'VtuneApi32e.dll' (GetLastError=126)
LogWindows: File 'VtuneApi32e.dll' does not exist
LogConsoleResponse: Display: Failed to find resolution value strings in scalability ini. Falling back to default.
LogInit: Display: Running engine for game: RixGame
LogPlatformFile: Not using cached read wrapper
LogTaskGraph: Started task graph with 5 named threads and 35 total threads with 3 sets of task threads.
LogStats: Stats thread started at 0.071868
LogD3D11RHI: Loaded GFSDK_Aftermath_Lib.x64.dll
LogICUInternationalization: ICU TimeZone Detection - Raw Offset: +3:00, Platform Override: ''
LogPluginManager: Mounting plugin Paper2D
LogPluginManager: Mounting plugin AISupport
LogPluginManager: Mounting plugin LightPropagationVolume
LogPluginManager: Mounting plugin ActorLayerUtilities
LogPluginManager: Mounting plugin AnimationSharing
LogPluginManager: Mounting plugin CLionSourceCodeAccess
LogPluginManager: Mounting plugin CodeLiteSourceCodeAccess
LogPluginManager: Mounting plugin GitSourceControl
LogPluginManager: Mounting plugin KDevelopSourceCodeAccess
LogPluginManager: Mounting plugin NullSourceCodeAccess
LogPluginManager: Mounting plugin PerforceSourceControl
LogPluginManager: Mounting plugin SubversionSourceControl
LogPluginManager: Mounting plugin UObjectPlugin
LogPluginManager: Mounting plugin VisualStudioCodeSourceCodeAccess
LogPluginManager: Mounting plugin VisualStudioSourceCodeAccess
LogPluginManager: Mounting plugin XCodeSourceCodeAccess
LogPluginManager: Mounting plugin AssetManagerEditor
LogPluginManager: Mounting plugin CryptoKeys
LogPluginManager: Mounting plugin CurveEditorTools
LogPluginManager: Mounting plugin DataValidation
LogPluginManager: Mounting plugin FacialAnimation
LogPluginManager: Mounting plugin GameplayTagsEditor
LogPluginManager: Mounting plugin MacGraphicsSwitching
LogPluginManager: Mounting plugin MaterialAnalyzer
LogPluginManager: Mounting plugin MobileLauncherProfileWizard
LogPluginManager: Mounting plugin PluginBrowser
LogPluginManager: Mounting plugin SpeedTreeImporter
LogPluginManager: Mounting plugin DatasmithContent
LogPluginManager: Mounting plugin VariantManagerContent
LogPluginManager: Mounting plugin AlembicImporter
LogPluginManager: Mounting plugin AutomationUtils
LogPluginManager: Mounting plugin BackChannel
LogPluginManager: Mounting plugin CharacterAI
LogPluginManager: Mounting plugin GeometryCache
LogPluginManager: Mounting plugin HTML5Networking
LogPluginManager: Mounting plugin PlatformCrypto
LogPluginManager: Mounting plugin ProxyLODPlugin
LogPluginManager: Mounting plugin SkeletalReduction
LogPluginManager: Mounting plugin MagicLeap
LogPluginManager: Mounting plugin MagicLeapMedia
LogPluginManager: Mounting plugin AndroidMedia
LogPluginManager: Mounting plugin AvfMedia
LogPluginManager: Mounting plugin ImgMedia
LogPluginManager: Mounting plugin MediaCompositing
LogPluginManager: Mounting plugin MediaPlayerEditor
LogPluginManager: Mounting plugin WebMMedia
LogPluginManager: Mounting plugin WmfMedia
LogPluginManager: Mounting plugin TcpMessaging
LogPluginManager: Mounting plugin UdpMessaging
LogPluginManager: Mounting plugin ActorSequence
LogPluginManager: Mounting plugin LevelSequenceEditor
LogPluginManager: Mounting plugin MatineeToLevelSequence
LogPluginManager: Mounting plugin NetcodeUnitTest
LogPluginManager: Mounting plugin NUTUnrealEngine4
LogPluginManager: Mounting plugin OnlineSubsystemGooglePlay
LogPluginManager: Mounting plugin OnlineSubsystemIOS
LogPluginManager: Mounting plugin OnlineSubsystem
LogPluginManager: Mounting plugin OnlineSubsystemNull
LogPluginManager: Mounting plugin OnlineSubsystemUtils
LogPluginManager: Mounting plugin LauncherChunkInstaller
LogPluginManager: Mounting plugin AndroidDeviceProfileSelector
LogPluginManager: Mounting plugin AndroidMoviePlayer
LogPluginManager: Mounting plugin AndroidPermission
LogPluginManager: Mounting plugin AppleImageUtils
LogPluginManager: Mounting plugin AppleMoviePlayer
LogPluginManager: Mounting plugin ArchVisCharacter
LogPluginManager: Mounting plugin AudioCapture
LogPluginManager: Mounting plugin CableComponent
LogPluginManager: Mounting plugin CustomMeshComponent
LogPluginManager: Mounting plugin EditableMesh
LogPluginManager: Mounting plugin ExampleDeviceProfileSelector
LogPluginManager: Mounting plugin GoogleCloudMessaging
LogPluginManager: Mounting plugin IOSDeviceProfileSelector
LogPluginManager: Mounting plugin LinuxDeviceProfileSelector
LogPluginManager: Mounting plugin LocationServicesBPLibrary
LogPluginManager: Mounting plugin MobilePatchingUtils
LogPluginManager: Mounting plugin OculusVR
LogPluginManager: Mounting plugin PhysXVehicles
LogPluginManager: Mounting plugin ProceduralMeshComponent
LogPluginManager: Mounting plugin RuntimePhysXCooking
LogPluginManager: Mounting plugin SignificanceManager
LogPluginManager: Mounting plugin SteamVR
LogPluginManager: Mounting plugin WebMMoviePlayer
LogPluginManager: Mounting plugin WindowsMoviePlayer
LogPluginManager: Mounting plugin ScreenshotTools
LogInit: Using libcurl 7.55.1-DEV
LogInit:  - built for x86_64-pc-win32
LogInit:  - supports SSL with OpenSSL/1.1.1
LogInit:  - supports HTTP deflate (compression) using libz 1.2.8
LogInit:  - other features:
LogInit:      CURL_VERSION_SSL
LogInit:      CURL_VERSION_LIBZ
LogInit:      CURL_VERSION_IPV6
LogInit:      CURL_VERSION_ASYNCHDNS
LogInit:      CURL_VERSION_LARGEFILE
LogInit:      CURL_VERSION_IDN
LogInit:  CurlRequestOptions (configurable via config and command line):
LogInit:  - bVerifyPeer = true  - Libcurl will verify peer certificate
LogInit:  - bUseHttpProxy = false  - Libcurl will NOT use HTTP proxy
LogInit:  - bDontReuseConnections = false  - Libcurl will reuse connections
LogInit:  - MaxHostConnections = 16  - Libcurl will limit the number of connections to a host
LogInit:  - LocalHostAddr = Default
LogInit:  - BufferSize = 65536
LogOnline: OSS: Creating online subsystem instance for: NULL
LogInit: WinSock: version 1.1 (2.2), MaxSocks=32767, MaxUdp=65467
LogInit: Build: ++UE4+Release-4.23-CL-9631420
LogInit: Engine Version: 4.23.1-9631420+++UE4+Release-4.23
LogInit: Compatible Engine Version: 4.23.0-8386587+++UE4+Release-4.23
LogInit: Net CL: 8386587
LogInit: OS: Windows 10 (Release 2009) (), CPU: Intel(R) Core(TM) i7-9750H CPU @ 2.60GHz, GPU: Intel(R) UHD Graphics 630
LogInit: Compiled (64-bit): Oct 18 2019 02:07:44
LogInit: Compiled with Visual C++: 19.16.27030.01
LogInit: Build Configuration: Development
LogInit: Branch Name: ++UE4+Release-4.23
LogInit: Command Line: 
LogInit: Base Directory: C:/Program Files/Epic Games/UE_4.23/Engine/Binaries/Win64/
LogInit: Installed Engine Build: 1
LogDevObjectVersion: Number of dev versions registered: 23
LogDevObjectVersion:   Dev-Blueprints (B0D832E4-1F89-4F0D-ACCF-7EB736FD4AA2): 10
LogDevObjectVersion:   Dev-Build (E1C64328-A22C-4D53-A36C-8E866417BD8C): 0
LogDevObjectVersion:   Dev-Core (375EC13C-06E4-48FB-B500-84F0262A717E): 3
LogDevObjectVersion:   Dev-Editor (E4B068ED-F494-42E9-A231-DA0B2E46BB41): 34
LogDevObjectVersion:   Dev-Framework (CFFC743F-43B0-4480-9391-14DF171D2073): 35
LogDevObjectVersion:   Dev-Mobile (B02B49B5-BB20-44E9-A304-32B752E40360): 2
LogDevObjectVersion:   Dev-Networking (A4E4105C-59A1-49B5-A7C5-40C4547EDFEE): 0
LogDevObjectVersion:   Dev-Online (39C831C9-5AE6-47DC-9A44-9C173E1C8E7C): 0
LogDevObjectVersion:   Dev-Physics (78F01B33-EBEA-4F98-B9B4-84EACCB95AA2): 0
LogDevObjectVersion:   Dev-Platform (6631380F-2D4D-43E0-8009-CF276956A95A): 0
LogDevObjectVersion:   Dev-Rendering (12F88B9F-8875-4AFC-A67C-D90C383ABD29): 31
LogDevObjectVersion:   Dev-Sequencer (7B5AE74C-D270-4C10-A958-57980B212A5A): 11
LogDevObjectVersion:   Dev-VR (D7296918-1DD6-4BDD-9DE2-64A83CC13884): 2
LogDevObjectVersion:   Dev-LoadTimes (C2A15278-BFE7-4AFE-6C17-90FF531DF755): 1
LogDevObjectVersion:   Private-Geometry (6EACA3D4-40EC-4CC1-B786-8BED09428FC5): 3
LogDevObjectVersion:   Dev-AnimPhys (29E575DD-E0A3-4627-9D10-D276232CDCEA): 17
LogDevObjectVersion:   Dev-Anim (AF43A65D-7FD3-4947-9873-3E8ED9C1BB05): 2
LogDevObjectVersion:   Dev-ReflectionCapture (6B266CEC-1EC7-4B8F-A30B-E4D90942FC07): 1
LogDevObjectVersion:   Dev-Automation (0DF73D61-A23F-47EA-B727-89E90C41499A): 1
LogDevObjectVersion:   FortniteMain (601D1886-AC64-4F84-AA16-D3DE0DEAC7D6): 27
LogDevObjectVersion:   Dev-Enterprise (9DFFBCD6-494F-0158-E221-12823C92A888): 6
LogDevObjectVersion:   Dev-Niagara (F2AED0AC-9AFE-416F-8664-AA7FFA26D6FC): 1
LogDevObjectVersion:   Dev-Destruction (174F1F0B-B4C6-45A5-B13F-2EE8D0FB917D): 9
LogInit: Presizing for max 16777216 objects, including 0 objects not considered by GC, pre-allocating 0 bytes for permanent pool.
LogInit: Object subsystem initialized
LogConfig: Setting CVar [[con.DebugEarlyDefault:1]]
LogConfig: Setting CVar [[r.setres:1280x720]]
[2023.04.01-11.52.04:970][  0]LogConfig: Setting CVar [[r.VSync:0]]
[2023.04.01-11.52.04:970][  0]LogConfig: Setting CVar [[r.RHICmdBypass:0]]
[2023.04.01-11.52.04:970][  0]LogConfig: Applying CVar settings from Section [/Script/Engine.RendererSettings] File [C:/Users/Администратор/Documents/GitHub/RixGame/Saved/Config/Windows/Engine.ini]
[2023.04.01-11.52.04:970][  0]LogConfig: Setting CVar [[r.GPUCrashDebugging:0]]
[2023.04.01-11.52.04:970][  0]LogConfig: Setting CVar [[r.MobileHDR:1]]
[2023.04.01-11.52.04:970][  0]LogConfig: Setting CVar [[r.Mobile.DisableVertexFog:1]]
[2023.04.01-11.52.04:970][  0]LogConfig: Setting CVar [[r.Shadow.CSM.MaxMobileCascades:2]]
[2023.04.01-11.52.04:970][  0]LogConfig: Setting CVar [[r.MobileMSAA:1]]
[2023.04.01-11.52.04:970][  0]LogConfig: Setting CVar [[r.Mobile.UseLegacyShadingModel:0]]
[2023.04.01-11.52.04:970][  0]LogConfig: Setting CVar [[r.Mobile.UseHWsRGBEncoding:0]]
[2023.04.01-11.52.04:970][  0]LogConfig: Setting CVar [[r.Mobile.AllowDitheredLODTransition:0]]
[2023.04.01-11.52.04:970][  0]LogConfig: Setting CVar [[r.Mobile.AllowSoftwareOcclusion:0]]
[2023.04.01-11.52.04:970][  0]LogConfig: Setting CVar [[r.DiscardUnusedQuality:0]]
[2023.04.01-11.52.04:970][  0]LogConfig: Setting CVar [[r.AllowOcclusionQueries:1]]
[2023.04.01-11.52.04:970][  0]LogConfig: Setting CVar [[r.MinScreenRadiusForLights:0.030000]]
[2023.04.01-11.52.04:970][  0]LogConfig: Setting CVar [[r.MinScreenRadiusForDepthPrepass:0.030000]]
[2023.04.01-11.52.04:970][  0]LogConfig: Setting CVar [[r.MinScreenRadiusForCSMDepth:0.010000]]
[2023.04.01-11.52.04:970][  0]LogConfig: Setting CVar [[r.PrecomputedVisibilityWarning:0]]
[2023.04.01-11.52.04:970][  0]LogConfig: Setting CVar [[r.TextureStreaming:1]]
[2023.04.01-11.52.04:970][  0]LogConfig: Setting CVar [[Compat.UseDXT5NormalMaps:0]]
[2023.04.01-11.52.04:970][  0]LogConfig: Setting CVar [[r.VirtualTextures:0]]
[2023.04.01-11.52.04:970][  0]LogConfig: Setting CVar [[r.VirtualTexturedLightmaps:0]]
[2023.04.01-11.52.04:970][  0]LogConfig: Setting CVar [[r.VT.TileSize:128]]
[2023.04.01-11.52.04:970][  0]LogConfig: Setting CVar [[r.VT.TileBorderSize:4]]
[2023.04.01-11.52.04:970][  0]LogConfig: Setting CVar [[r.vt.FeedbackFactor:16]]
[2023.04.01-11.52.04:970][  0]LogConfig: Setting CVar [[r.VT.EnableCompressZlib:1]]
[2023.04.01-11.52.04:970][  0]LogConfig: Setting CVar [[r.VT.EnableCompressCrunch:0]]
[2023.04.01-11.52.04:970][  0]LogConfig: Setting CVar [[r.ClearCoatNormal:0]]
[2023.04.01-11.52.04:970][  0]LogConfig: Setting CVar [[r.ReflectionCaptureResolution:128]]
[2023.04.01-11.52.04:970][  0]LogConfig: Setting CVar [[r.ReflectionEnvironmentLightmapMixBasedOnRoughness:1]]
[2023.04.01-11.52.04:970][  0]LogConfig: Setting CVar [[r.ForwardShading:0]]
[2023.04.01-11.52.04:970][  0]LogConfig: Setting CVar [[r.VertexFoggingForOpaque:1]]
[2023.04.01-11.52.04:970][  0]LogConfig: Setting CVar [[r.AllowStaticLighting:1]]
[2023.04.01-11.52.04:970][  0]LogConfig: Setting CVar [[r.NormalMapsForStaticLighting:0]]
[2023.04.01-11.52.04:970][  0]LogConfig: Setting CVar [[r.GenerateMeshDistanceFields:0]]
[2023.04.01-11.52.04:970][  0]LogConfig: Setting CVar [[r.DistanceFieldBuild.EightBit:0]]
[2023.04.01-11.52.04:970][  0]LogConfig: Setting CVar [[r.GenerateLandscapeGIData:0]]
[2023.04.01-11.52.04:970][  0]LogConfig: Setting CVar [[r.DistanceFieldBuild.Compress:0]]
[2023.04.01-11.52.04:970][  0]LogConfig: Setting CVar [[r.TessellationAdaptivePixelsPerTriangle:48.000000]]
[2023.04.01-11.52.04:970][  0]LogConfig: Setting CVar [[r.SeparateTranslucency:1]]
[2023.04.01-11.52.04:970][  0]LogConfig: Setting CVar [[r.TranslucentSortPolicy:0]]
[2023.04.01-11.52.04:970][  0]LogConfig: Setting CVar [[r.CustomDepth:1]]
[2023.04.01-11.52.04:970][  0]LogConfig: Setting CVar [[r.CustomDepthTemporalAAJitter:1]]
[2023.04.01-11.52.04:970][  0]LogConfig: Setting CVar [[r.PostProcessing.PropagateAlpha:0]]
[2023.04.01-11.52.04:970][  0]LogConfig: Setting CVar [[r.DefaultFeature.Bloom:1]]
[2023.04.01-11.52.04:970][  0]LogConfig: Setting CVar [[r.DefaultFeature.AmbientOcclusion:1]]
[2023.04.01-11.52.04:970][  0]LogConfig: Setting CVar [[r.DefaultFeature.AmbientOcclusionStaticFraction:1]]
[2023.04.01-11.52.04:970][  0]LogConfig: Setting CVar [[r.DefaultFeature.AutoExposure:0]]
[2023.04.01-11.52.04:970][  0]LogConfig: Setting CVar [[r.DefaultFeature.AutoExposure.Method:0]]
[2023.04.01-11.52.04:970][  0]LogConfig: Setting CVar [[r.DefaultFeature.AutoExposure.ExtendDefaultLuminanceRange:0]]
[2023.04.01-11.52.04:970][  0]LogConfig: Setting CVar [[r.UsePreExposure:1]]
[2023.04.01-11.52.04:970][  0]LogConfig: Setting CVar [[r.EyeAdaptation.EditorOnly:1]]
[2023.04.01-11.52.04:970][  0]LogConfig: Setting CVar [[r.DefaultFeature.MotionBlur:0]]
[2023.04.01-11.52.04:970][  0]LogConfig: Setting CVar [[r.DefaultFeature.LensFlare:0]]
[2023.04.01-11.52.04:970][  0]LogConfig: Setting CVar [[r.TemporalAA.Upsampling:0]]
[2023.04.01-11.52.04:971][  0]LogConfig: Setting CVar [[r.DefaultFeature.AntiAliasing:0]]
[2023.04.01-11.52.04:971][  0]LogConfig: Setting CVar [[r.DefaultFeature.LightUnits:1]]
[2023.04.01-11.52.04:971][  0]LogConfig: Setting CVar [[r.DefaultBackBufferPixelFormat:4]]
[2023.04.01-11.52.04:971][  0]LogConfig: Setting CVar [[r.Shadow.UnbuiltPreviewInGame:1]]
[2023.04.01-11.52.04:971][  0]LogConfig: Setting CVar [[r.StencilForLODDither:0]]
[2023.04.01-11.52.04:971][  0]LogConfig: Setting CVar [[r.EarlyZPass:3]]
[2023.04.01-11.52.04:971][  0]LogConfig: Setting CVar [[r.EarlyZPassOnlyMaterialMasking:0]]
[2023.04.01-11.52.04:971][  0]LogConfig: Setting CVar [[r.DBuffer:1]]
[2023.04.01-11.52.04:971][  0]LogConfig: Setting CVar [[r.ClearSceneMethod:1]]
[2023.04.01-11.52.04:971][  0]LogConfig: Setting CVar [[r.BasePassOutputsVelocity:0]]
[2023.04.01-11.52.04:971][  0]LogConfig: Setting CVar [[r.SelectiveBasePassOutputs:0]]
[2023.04.01-11.52.04:971][  0]LogConfig: Setting CVar [[fx.GPUSimulationTextureSizeX:1024]]
[2023.04.01-11.52.04:971][  0]LogConfig: Setting CVar [[fx.GPUSimulationTextureSizeY:1024]]
[2023.04.01-11.52.04:971][  0]LogConfig: Setting CVar [[r.AllowGlobalClipPlane:0]]
[2023.04.01-11.52.04:971][  0]LogConfig: Setting CVar [[r.GBufferFormat:1]]
[2023.04.01-11.52.04:971][  0]LogConfig: Setting CVar [[r.MorphTarget.Mode:1]]
[2023.04.01-11.52.04:971][  0]LogConfig: Setting CVar [[vr.InstancedStereo:0]]
[2023.04.01-11.52.04:971][  0]LogConfig: Setting CVar [[vr.MultiView:0]]
[2023.04.01-11.52.04:971][  0]LogConfig: Setting CVar [[vr.MobileMultiView:0]]
[2023.04.01-11.52.04:971][  0]LogConfig: Setting CVar [[vr.MobileMultiView.Direct:0]]
[2023.04.01-11.52.04:971][  0]LogConfig: Setting CVar [[vr.RoundRobinOcclusion:0]]
[2023.04.01-11.52.04:971][  0]LogConfig: Setting CVar [[vr.ODSCapture:0]]
[2023.04.01-11.52.04:971][  0]LogConfig: Setting CVar [[r.WireframeCullThreshold:5.000000]]
[2023.04.01-11.52.04:971][  0]LogConfig: Setting CVar [[r.RayTracing:0]]
[2023.04.01-11.52.04:971][  0]LogConfig: Setting CVar [[r.SupportStationarySkylight:1]]
[2023.04.01-11.52.04:971][  0]LogConfig: Setting CVar [[r.SupportLowQualityLightmaps:1]]
[2023.04.01-11.52.04:971][  0]LogConfig: Setting CVar [[r.SupportPointLightWholeSceneShadows:1]]
[2023.04.01-11.52.04:971][  0]LogConfig: Setting CVar [[r.SupportAtmosphericFog:1]]
[2023.04.01-11.52.04:971][  0]LogConfig: Setting CVar [[r.SkinCache.CompileShaders:0]]
[2023.04.01-11.52.04:971][  0]LogConfig: Setting CVar [[r.Mobile.EnableStaticAndCSMShadowReceivers:1]]
[2023.04.01-11.52.04:971][  0]LogConfig: Setting CVar [[r.Mobile.EnableMovableLightCSMShaderCulling:1]]
[2023.04.01-11.52.04:971][  0]LogConfig: Setting CVar [[r.Mobile.AllowDistanceFieldShadows:1]]
[2023.04.01-11.52.04:971][  0]LogConfig: Setting CVar [[r.Mobile.AllowMovableDirectionalLights:1]]
[2023.04.01-11.52.04:971][  0]LogConfig: Setting CVar [[r.MobileNumDynamicPointLights:4]]
[2023.04.01-11.52.04:971][  0]LogConfig: Setting CVar [[r.MobileDynamicPointLightsUseStaticBranch:1]]
[2023.04.01-11.52.04:971][  0]LogConfig: Setting CVar [[r.Mobile.EnableMovableSpotlights:0]]
[2023.04.01-11.52.04:971][  0]LogConfig: Setting CVar [[r.SkinCache.SceneMemoryLimitInMB:128.000000]]
[2023.04.01-11.52.04:971][  0]LogConfig: Setting CVar [[r.GPUSkin.Limit2BoneInfluences:0]]
[2023.04.01-11.52.04:971][  0]LogConfig: Setting CVar [[r.SupportDepthOnlyIndexBuffers:1]]
[2023.04.01-11.52.04:971][  0]LogConfig: Setting CVar [[r.SupportReversedIndexBuffers:1]]
[2023.04.01-11.52.04:971][  0]LogConfig: Setting CVar [[r.SupportMaterialLayers:0]]
[2023.04.01-11.52.04:971][  0]LogConfig: Applying CVar settings from Section [/Script/Engine.RendererOverrideSettings] File [C:/Users/Администратор/Documents/GitHub/RixGame/Saved/Config/Windows/Engine.ini]
[2023.04.01-11.52.04:971][  0]LogConfig: Applying CVar settings from Section [/Script/Engine.StreamingSettings] File [C:/Users/Администратор/Documents/GitHub/RixGame/Saved/Config/Windows/Engine.ini]
[2023.04.01-11.52.04:971][  0]LogConfig: Setting CVar [[s.MinBulkDataSizeForAsyncLoading:131072]]
[2023.04.01-11.52.04:971][  0]LogConfig: Setting CVar [[s.AsyncLoadingThreadEnabled:0]]
[2023.04.01-11.52.04:971][  0]LogConfig: Setting CVar [[s.EventDrivenLoaderEnabled:1]]
[2023.04.01-11.52.04:971][  0]LogConfig: Setting CVar [[s.WarnIfTimeLimitExceeded:0]]
[2023.04.01-11.52.04:971][  0]LogConfig: Setting CVar [[s.TimeLimitExceededMultiplier:1.5]]
[2023.04.01-11.52.04:971][  0]LogConfig: Setting CVar [[s.TimeLimitExceededMinTime:0.005]]
[2023.04.01-11.52.04:971][  0]LogConfig: Setting CVar [[s.UseBackgroundLevelStreaming:1]]
[2023.04.01-11.52.04:971][  0]LogConfig: Setting CVar [[s.PriorityAsyncLoadingExtraTime:15.0]]
[2023.04.01-11.52.04:971][  0]LogConfig: Setting CVar [[s.LevelStreamingActorsUpdateTimeLimit:5.0]]
[2023.04.01-11.52.04:971][  0]LogConfig: Setting CVar [[s.PriorityLevelStreamingActorsUpdateExtraTime:5.0]]
[2023.04.01-11.52.04:971][  0]LogConfig: Setting CVar [[s.LevelStreamingComponentsRegistrationGranularity:10]]
[2023.04.01-11.52.04:971][  0]LogConfig: Setting CVar [[s.UnregisterComponentsTimeLimit:1.0]]
[2023.04.01-11.52.04:971][  0]LogConfig: Setting CVar [[s.LevelStreamingComponentsUnregistrationGranularity:5]]
[2023.04.01-11.52.04:971][  0]LogConfig: Applying CVar settings from Section [/Script/Engine.GarbageCollectionSettings] File [C:/Users/Администратор/Documents/GitHub/RixGame/Saved/Config/Windows/Engine.ini]
[2023.04.01-11.52.04:971][  0]LogConfig: Setting CVar [[gc.MaxObjectsNotConsideredByGC:1]]
[2023.04.01-11.52.04:971][  0]LogConfig: Setting CVar [[gc.SizeOfPermanentObjectPool:0]]
[2023.04.01-11.52.04:971][  0]LogConfig: Setting CVar [[gc.FlushStreamingOnGC:0]]
[2023.04.01-11.52.04:971][  0]LogConfig: Setting CVar [[gc.NumRetriesBeforeForcingGC:10]]
[2023.04.01-11.52.04:971][  0]LogConfig: Setting CVar [[gc.AllowParallelGC:1]]
[2023.04.01-11.52.04:971][  0]LogConfig: Setting CVar [[gc.TimeBetweenPurgingPendingKillObjects:61.1]]
[2023.04.01-11.52.04:971][  0]LogConfig: Setting CVar [[gc.MaxObjectsInEditor:16777216]]
[2023.04.01-11.52.04:971][  0]LogConfig: Setting CVar [[gc.IncrementalBeginDestroyEnabled:1]]
[2023.04.01-11.52.04:971][  0]LogConfig: Setting CVar [[gc.CreateGCClusters:1]]
[2023.04.01-11.52.04:971][  0]LogConfig: Setting CVar [[gc.MinGCClusterSize:5]]
[2023.04.01-11.52.04:971][  0]LogConfig: Setting CVar [[gc.ActorClusteringEnabled:0]]
[2023.04.01-11.52.04:971][  0]LogConfig: Setting CVar [[gc.BlueprintClusteringEnabled:0]]
[2023.04.01-11.52.04:971][  0]LogConfig: Setting CVar [[gc.UseDisregardForGCOnDedicatedServers:0]]
[2023.04.01-11.52.04:971][  0]LogConfig: Applying CVar settings from Section [/Script/Engine.NetworkSettings] File [C:/Users/Администратор/Documents/GitHub/RixGame/Saved/Config/Windows/Engine.ini]
[2023.04.01-11.52.04:971][  0]LogConfig: Applying CVar settings from Section [/Script/UnrealEd.CookerSettings] File [C:/Users/Администратор/Documents/GitHub/RixGame/Saved/Config/Windows/Engine.ini]
[2023.04.01-11.52.04:974][  0]LogConfig: Applying CVar settings from Section [ViewDistanceQuality@3] File [C:/Users/Администратор/Documents/GitHub/RixGame/Saved/Config/Windows/Scalability.ini]
[2023.04.01-11.52.04:974][  0]LogConfig: Setting CVar [[r.SkeletalMeshLODBias:0]]
[2023.04.01-11.52.04:974][  0]LogConfig: Setting CVar [[r.ViewDistanceScale:1.0]]
[2023.04.01-11.52.04:974][  0]LogConfig: Applying CVar settings from Section [AntiAliasingQuality@3] File [C:/Users/Администратор/Documents/GitHub/RixGame/Saved/Config/Windows/Scalability.ini]
[2023.04.01-11.52.04:974][  0]LogConfig: Setting CVar [[r.PostProcessAAQuality:4]]
[2023.04.01-11.52.04:974][  0]LogConfig: Applying CVar settings from Section [ShadowQuality@3] File [C:/Users/Администратор/Documents/GitHub/RixGame/Saved/Config/Windows/Scalability.ini]
[2023.04.01-11.52.04:974][  0]LogConfig: Setting CVar [[r.LightFunctionQuality:1]]
[2023.04.01-11.52.04:974][  0]LogConfig: Setting CVar [[r.ShadowQuality:5]]
[2023.04.01-11.52.04:974][  0]LogConfig: Setting CVar [[r.Shadow.CSM.MaxCascades:10]]
[2023.04.01-11.52.04:974][  0]LogConfig: Setting CVar [[r.Shadow.MaxResolution:2048]]
[2023.04.01-11.52.04:974][  0]LogConfig: Setting CVar [[r.Shadow.MaxCSMResolution:2048]]
[2023.04.01-11.52.04:974][  0]LogConfig: Setting CVar [[r.Shadow.RadiusThreshold:0.01]]
[2023.04.01-11.52.04:974][  0]LogConfig: Setting CVar [[r.Shadow.DistanceScale:1.0]]
[2023.04.01-11.52.04:974][  0]LogConfig: Setting CVar [[r.Shadow.CSM.TransitionScale:1.0]]
[2023.04.01-11.52.04:974][  0]LogConfig: Setting CVar [[r.Shadow.PreShadowResolutionFactor:1.0]]
[2023.04.01-11.52.04:974][  0]LogConfig: Setting CVar [[r.DistanceFieldShadowing:1]]
[2023.04.01-11.52.04:974][  0]LogConfig: Setting CVar [[r.DistanceFieldAO:1]]
[2023.04.01-11.52.04:974][  0]LogConfig: Setting CVar [[r.AOQuality:2]]
[2023.04.01-11.52.04:974][  0]LogConfig: Setting CVar [[r.VolumetricFog:1]]
[2023.04.01-11.52.04:974][  0]LogConfig: Setting CVar [[r.VolumetricFog.GridPixelSize:8]]
[2023.04.01-11.52.04:974][  0]LogConfig: Setting CVar [[r.VolumetricFog.GridSizeZ:128]]
[2023.04.01-11.52.04:974][  0]LogConfig: Setting CVar [[r.VolumetricFog.HistoryMissSupersampleCount:4]]
[2023.04.01-11.52.04:974][  0]LogConfig: Setting CVar [[r.LightMaxDrawDistanceScale:1]]
[2023.04.01-11.52.04:974][  0]LogConfig: Setting CVar [[r.CapsuleShadows:1]]
[2023.04.01-11.52.04:974][  0]LogConfig: Applying CVar settings from Section [PostProcessQuality@3] File [C:/Users/Администратор/Documents/GitHub/RixGame/Saved/Config/Windows/Scalability.ini]
[2023.04.01-11.52.04:974][  0]LogConfig: Setting CVar [[r.MotionBlurQuality:4]]
[2023.04.01-11.52.04:974][  0]LogConfig: Setting CVar [[r.AmbientOcclusionMipLevelFactor:0.4]]
[2023.04.01-11.52.04:974][  0]LogConfig: Setting CVar [[r.AmbientOcclusionMaxQuality:100]]
[2023.04.01-11.52.04:974][  0]LogConfig: Setting CVar [[r.AmbientOcclusionLevels:-1]]
[2023.04.01-11.52.04:974][  0]LogConfig: Setting CVar [[r.AmbientOcclusionRadiusScale:1.0]]
[2023.04.01-11.52.04:974][  0]LogConfig: Setting CVar [[r.DepthOfFieldQuality:2]]
[2023.04.01-11.52.04:974][  0]LogConfig: Setting CVar [[r.RenderTargetPoolMin:400]]
[2023.04.01-11.52.04:974][  0]LogConfig: Setting CVar [[r.LensFlareQuality:2]]
[2023.04.01-11.52.04:974][  0]LogConfig: Setting CVar [[r.SceneColorFringeQuality:1]]
[2023.04.01-11.52.04:974][  0]LogConfig: Setting CVar [[r.EyeAdaptationQuality:2]]
[2023.04.01-11.52.04:974][  0]LogConfig: Setting CVar [[r.BloomQuality:5]]
[2023.04.01-11.52.04:974][  0]LogConfig: Setting CVar [[r.FastBlurThreshold:100]]
[2023.04.01-11.52.04:974][  0]LogConfig: Setting CVar [[r.Upscale.Quality:3]]
[2023.04.01-11.52.04:974][  0]LogConfig: Setting CVar [[r.Tonemapper.GrainQuantization:1]]
[2023.04.01-11.52.04:974][  0]LogConfig: Setting CVar [[r.LightShaftQuality:1]]
[2023.04.01-11.52.04:974][  0]LogConfig: Setting CVar [[r.Filter.SizeScale:1]]
[2023.04.01-11.52.04:974][  0]LogConfig: Setting CVar [[r.Tonemapper.Quality:5]]
[2023.04.01-11.52.04:974][  0]LogConfig: Setting CVar [[r.DOF.Gather.AccumulatorQuality:1        ; higher gathering accumulator quality]]
[2023.04.01-11.52.04:974][  0]LogConfig: Setting CVar [[r.DOF.Gather.PostfilterMethod:1          ; Median3x3 postfilering method]]
[2023.04.01-11.52.04:974][  0]LogConfig: Setting CVar [[r.DOF.Gather.EnableBokehSettings:0       ; no bokeh simulation when gathering]]
[2023.04.01-11.52.04:974][  0]LogConfig: Setting CVar [[r.DOF.Gather.RingCount:4                 ; medium number of samples when gathering]]
[2023.04.01-11.52.04:974][  0]LogConfig: Setting CVar [[r.DOF.Scatter.ForegroundCompositing:1    ; additive foreground scattering]]
[2023.04.01-11.52.04:974][  0]LogConfig: Setting CVar [[r.DOF.Scatter.BackgroundCompositing:2    ; additive background scattering]]
[2023.04.01-11.52.04:974][  0]LogConfig: Setting CVar [[r.DOF.Scatter.EnableBokehSettings:1      ; bokeh simulation when scattering]]
[2023.04.01-11.52.04:974][  0]LogConfig: Setting CVar [[r.DOF.Scatter.MaxSpriteRatio:0.1         ; only a maximum of 10% of scattered bokeh]]
[2023.04.01-11.52.04:974][  0]LogConfig: Setting CVar [[r.DOF.Recombine.Quality:1                ; cheap slight out of focus]]
[2023.04.01-11.52.04:974][  0]LogConfig: Setting CVar [[r.DOF.Recombine.EnableBokehSettings:0    ; no bokeh simulation on slight out of focus]]
[2023.04.01-11.52.04:975][  0]LogConfig: Setting CVar [[r.DOF.TemporalAAQuality:1                ; more stable temporal accumulation]]
[2023.04.01-11.52.04:975][  0]LogConfig: Setting CVar [[r.DOF.Kernel.MaxForegroundRadius:0.025]]
[2023.04.01-11.52.04:975][  0]LogConfig: Setting CVar [[r.DOF.Kernel.MaxBackgroundRadius:0.025]]
[2023.04.01-11.52.04:975][  0]LogConfig: Applying CVar settings from Section [TextureQuality@3] File [C:/Users/Администратор/Documents/GitHub/RixGame/Saved/Config/Windows/Scalability.ini]
[2023.04.01-11.52.04:975][  0]LogConfig: Setting CVar [[r.Streaming.MipBias:0]]
[2023.04.01-11.52.04:975][  0]LogConfig: Setting CVar [[r.Streaming.AmortizeCPUToGPUCopy:0]]
[2023.04.01-11.52.04:975][  0]LogConfig: Setting CVar [[r.Streaming.MaxNumTexturesToStreamPerFrame:0]]
[2023.04.01-11.52.04:975][  0]LogConfig: Setting CVar [[r.Streaming.Boost:1]]
[2023.04.01-11.52.04:975][  0]LogConfig: Setting CVar [[r.MaxAnisotropy:8]]
[2023.04.01-11.52.04:975][  0]LogConfig: Setting CVar [[r.Streaming.LimitPoolSizeToVRAM:0]]
[2023.04.01-11.52.04:975][  0]LogConfig: Setting CVar [[r.Streaming.PoolSize:1000]]
[2023.04.01-11.52.04:975][  0]LogConfig: Setting CVar [[r.Streaming.MaxEffectiveScreenSize:0]]
[2023.04.01-11.52.04:975][  0]LogConfig: Applying CVar settings from Section [EffectsQuality@3] File [C:/Users/Администратор/Documents/GitHub/RixGame/Saved/Config/Windows/Scalability.ini]
[2023.04.01-11.52.04:975][  0]LogConfig: Setting CVar [[r.TranslucencyLightingVolumeDim:64]]
[2023.04.01-11.52.04:975][  0]LogConfig: Setting CVar [[r.RefractionQuality:2]]
[2023.04.01-11.52.04:975][  0]LogConfig: Setting CVar [[r.SSR.Quality:3]]
[2023.04.01-11.52.04:975][  0]LogConfig: Setting CVar [[r.SceneColorFormat:4]]
[2023.04.01-11.52.04:975][  0]LogConfig: Setting CVar [[r.DetailMode:2]]
[2023.04.01-11.52.04:975][  0]LogConfig: Setting CVar [[r.TranslucencyVolumeBlur:1]]
[2023.04.01-11.52.04:975][  0]LogConfig: Setting CVar [[r.MaterialQualityLevel:1 ; High quality]]
[2023.04.01-11.52.04:975][  0]LogConfig: Setting CVar [[r.SSS.Scale:1]]
[2023.04.01-11.52.04:975][  0]LogConfig: Setting CVar [[r.SSS.SampleSet:2]]
[2023.04.01-11.52.04:975][  0]LogConfig: Setting CVar [[r.SSS.Quality:1]]
[2023.04.01-11.52.04:975][  0]LogConfig: Setting CVar [[r.SSS.HalfRes:1]]
[2023.04.01-11.52.04:975][  0]LogConfig: Setting CVar [[r.EmitterSpawnRateScale:1.0]]
[2023.04.01-11.52.04:975][  0]LogConfig: Setting CVar [[r.ParticleLightQuality:2]]
[2023.04.01-11.52.04:975][  0]LogConfig: Applying CVar settings from Section [FoliageQuality@3] File [C:/Users/Администратор/Documents/GitHub/RixGame/Saved/Config/Windows/Scalability.ini]
[2023.04.01-11.52.04:975][  0]LogConfig: Setting CVar [[foliage.DensityScale:1.0]]
[2023.04.01-11.52.04:975][  0]LogConfig: Setting CVar [[grass.DensityScale:1.0]]
[2023.04.01-11.52.04:975][  0]LogInit: Selected Device Profile: [Windows]
[2023.04.01-11.52.04:975][  0]LogInit: Applying CVar settings loaded from the selected device profile: [Windows]
[2023.04.01-11.52.04:978][  0]LogHAL: Display: Platform has ~ 32 GB [34142937088 / 34359738368 / 32], which maps to Largest [LargestMinGB=32, LargerMinGB=12, DefaultMinGB=8, SmallerMinGB=6, SmallestMinGB=0)
[2023.04.01-11.52.04:978][  0]LogInit: Going up to parent DeviceProfile []
[2023.04.01-11.52.04:978][  0]LogConfig: Applying CVar settings from Section [ViewDistanceQuality@3] File [C:/Users/Администратор/Documents/GitHub/RixGame/Saved/Config/Windows/Scalability.ini]
[2023.04.01-11.52.04:978][  0]LogConfig: Setting CVar [[r.SkeletalMeshLODBias:0]]
[2023.04.01-11.52.04:978][  0]LogConfig: Setting CVar [[r.ViewDistanceScale:1.0]]
[2023.04.01-11.52.04:978][  0]LogConfig: Applying CVar settings from Section [AntiAliasingQuality@3] File [C:/Users/Администратор/Documents/GitHub/RixGame/Saved/Config/Windows/Scalability.ini]
[2023.04.01-11.52.04:978][  0]LogConfig: Setting CVar [[r.PostProcessAAQuality:4]]
[2023.04.01-11.52.04:978][  0]LogConfig: Applying CVar settings from Section [ShadowQuality@3] File [C:/Users/Администратор/Documents/GitHub/RixGame/Saved/Config/Windows/Scalability.ini]
[2023.04.01-11.52.04:978][  0]LogConfig: Setting CVar [[r.LightFunctionQuality:1]]
[2023.04.01-11.52.04:978][  0]LogConfig: Setting CVar [[r.ShadowQuality:5]]
[2023.04.01-11.52.04:978][  0]LogConfig: Setting CVar [[r.Shadow.CSM.MaxCascades:10]]
[2023.04.01-11.52.04:978][  0]LogConfig: Setting CVar [[r.Shadow.MaxResolution:2048]]
[2023.04.01-11.52.04:978][  0]LogConfig: Setting CVar [[r.Shadow.MaxCSMResolution:2048]]
[2023.04.01-11.52.04:978][  0]LogConfig: Setting CVar [[r.Shadow.RadiusThreshold:0.01]]
[2023.04.01-11.52.04:978][  0]LogConfig: Setting CVar [[r.Shadow.DistanceScale:1.0]]
[2023.04.01-11.52.04:978][  0]LogConfig: Setting CVar [[r.Shadow.CSM.TransitionScale:1.0]]
[2023.04.01-11.52.04:978][  0]LogConfig: Setting CVar [[r.Shadow.PreShadowResolutionFactor:1.0]]
[2023.04.01-11.52.04:978][  0]LogConfig: Setting CVar [[r.DistanceFieldShadowing:1]]
[2023.04.01-11.52.04:978][  0]LogConfig: Setting CVar [[r.DistanceFieldAO:1]]
[2023.04.01-11.52.04:978][  0]LogConfig: Setting CVar [[r.AOQuality:2]]
[2023.04.01-11.52.04:978][  0]LogConfig: Setting CVar [[r.VolumetricFog:1]]
[2023.04.01-11.52.04:978][  0]LogConfig: Setting CVar [[r.VolumetricFog.GridPixelSize:8]]
[2023.04.01-11.52.04:978][  0]LogConfig: Setting CVar [[r.VolumetricFog.GridSizeZ:128]]
[2023.04.01-11.52.04:978][  0]LogConfig: Setting CVar [[r.VolumetricFog.HistoryMissSupersampleCount:4]]
[2023.04.01-11.52.04:978][  0]LogConfig: Setting CVar [[r.LightMaxDrawDistanceScale:1]]
[2023.04.01-11.52.04:978][  0]LogConfig: Setting CVar [[r.CapsuleShadows:1]]
[2023.04.01-11.52.04:978][  0]LogConfig: Applying CVar settings from Section [PostProcessQuality@3] File [C:/Users/Администратор/Documents/GitHub/RixGame/Saved/Config/Windows/Scalability.ini]
[2023.04.01-11.52.04:978][  0]LogConfig: Setting CVar [[r.MotionBlurQuality:4]]
[2023.04.01-11.52.04:978][  0]LogConfig: Setting CVar [[r.AmbientOcclusionMipLevelFactor:0.4]]
[2023.04.01-11.52.04:978][  0]LogConfig: Setting CVar [[r.AmbientOcclusionMaxQuality:100]]
[2023.04.01-11.52.04:978][  0]LogConfig: Setting CVar [[r.AmbientOcclusionLevels:-1]]
[2023.04.01-11.52.04:978][  0]LogConfig: Setting CVar [[r.AmbientOcclusionRadiusScale:1.0]]
[2023.04.01-11.52.04:978][  0]LogConfig: Setting CVar [[r.DepthOfFieldQuality:2]]
[2023.04.01-11.52.04:978][  0]LogConfig: Setting CVar [[r.RenderTargetPoolMin:400]]
[2023.04.01-11.52.04:978][  0]LogConfig: Setting CVar [[r.LensFlareQuality:2]]
[2023.04.01-11.52.04:978][  0]LogConfig: Setting CVar [[r.SceneColorFringeQuality:1]]
[2023.04.01-11.52.04:978][  0]LogConfig: Setting CVar [[r.EyeAdaptationQuality:2]]
[2023.04.01-11.52.04:978][  0]LogConfig: Setting CVar [[r.BloomQuality:5]]
[2023.04.01-11.52.04:978][  0]LogConfig: Setting CVar [[r.FastBlurThreshold:100]]
[2023.04.01-11.52.04:978][  0]LogConfig: Setting CVar [[r.Upscale.Quality:3]]
[2023.04.01-11.52.04:978][  0]LogConfig: Setting CVar [[r.Tonemapper.GrainQuantization:1]]
[2023.04.01-11.52.04:978][  0]LogConfig: Setting CVar [[r.LightShaftQuality:1]]
[2023.04.01-11.52.04:978][  0]LogConfig: Setting CVar [[r.Filter.SizeScale:1]]
[2023.04.01-11.52.04:978][  0]LogConfig: Setting CVar [[r.Tonemapper.Quality:5]]
[2023.04.01-11.52.04:978][  0]LogConfig: Setting CVar [[r.DOF.Gather.AccumulatorQuality:1        ; higher gathering accumulator quality]]
[2023.04.01-11.52.04:978][  0]LogConfig: Setting CVar [[r.DOF.Gather.PostfilterMethod:1          ; Median3x3 postfilering method]]
[2023.04.01-11.52.04:978][  0]LogConfig: Setting CVar [[r.DOF.Gather.EnableBokehSettings:0       ; no bokeh simulation when gathering]]
[2023.04.01-11.52.04:978][  0]LogConfig: Setting CVar [[r.DOF.Gather.RingCount:4                 ; medium number of samples when gathering]]
[2023.04.01-11.52.04:978][  0]LogConfig: Setting CVar [[r.DOF.Scatter.ForegroundCompositing:1    ; additive foreground scattering]]
[2023.04.01-11.52.04:978][  0]LogConfig: Setting CVar [[r.DOF.Scatter.BackgroundCompositing:2    ; additive background scattering]]
[2023.04.01-11.52.04:978][  0]LogConfig: Setting CVar [[r.DOF.Scatter.EnableBokehSettings:1      ; bokeh simulation when scattering]]
[2023.04.01-11.52.04:978][  0]LogConfig: Setting CVar [[r.DOF.Scatter.MaxSpriteRatio:0.1         ; only a maximum of 10% of scattered bokeh]]
[2023.04.01-11.52.04:979][  0]LogConfig: Setting CVar [[r.DOF.Recombine.Quality:1                ; cheap slight out of focus]]
[2023.04.01-11.52.04:979][  0]LogConfig: Setting CVar [[r.DOF.Recombine.EnableBokehSettings:0    ; no bokeh simulation on slight out of focus]]
[2023.04.01-11.52.04:979][  0]LogConfig: Setting CVar [[r.DOF.TemporalAAQuality:1                ; more stable temporal accumulation]]
[2023.04.01-11.52.04:979][  0]LogConfig: Setting CVar [[r.DOF.Kernel.MaxForegroundRadius:0.025]]
[2023.04.01-11.52.04:979][  0]LogConfig: Setting CVar [[r.DOF.Kernel.MaxBackgroundRadius:0.025]]
[2023.04.01-11.52.04:979][  0]LogConfig: Applying CVar settings from Section [TextureQuality@3] File [C:/Users/Администратор/Documents/GitHub/RixGame/Saved/Config/Windows/Scalability.ini]
[2023.04.01-11.52.04:979][  0]LogConfig: Setting CVar [[r.Streaming.MipBias:0]]
[2023.04.01-11.52.04:979][  0]LogConfig: Setting CVar [[r.Streaming.AmortizeCPUToGPUCopy:0]]
[2023.04.01-11.52.04:979][  0]LogConfig: Setting CVar [[r.Streaming.MaxNumTexturesToStreamPerFrame:0]]
[2023.04.01-11.52.04:979][  0]LogConfig: Setting CVar [[r.Streaming.Boost:1]]
[2023.04.01-11.52.04:979][  0]LogConfig: Setting CVar [[r.MaxAnisotropy:8]]
[2023.04.01-11.52.04:979][  0]LogConfig: Setting CVar [[r.Streaming.LimitPoolSizeToVRAM:0]]
[2023.04.01-11.52.04:979][  0]LogConfig: Setting CVar [[r.Streaming.PoolSize:1000]]
[2023.04.01-11.52.04:979][  0]LogConfig: Setting CVar [[r.Streaming.MaxEffectiveScreenSize:0]]
[2023.04.01-11.52.04:979][  0]LogConfig: Applying CVar settings from Section [EffectsQuality@3] File [C:/Users/Администратор/Documents/GitHub/RixGame/Saved/Config/Windows/Scalability.ini]
[2023.04.01-11.52.04:979][  0]LogConfig: Setting CVar [[r.TranslucencyLightingVolumeDim:64]]
[2023.04.01-11.52.04:979][  0]LogConfig: Setting CVar [[r.RefractionQuality:2]]
[2023.04.01-11.52.04:979][  0]LogConfig: Setting CVar [[r.SSR.Quality:3]]
[2023.04.01-11.52.04:979][  0]LogConfig: Setting CVar [[r.SceneColorFormat:4]]
[2023.04.01-11.52.04:979][  0]LogConfig: Setting CVar [[r.DetailMode:2]]
[2023.04.01-11.52.04:979][  0]LogConfig: Setting CVar [[r.TranslucencyVolumeBlur:1]]
[2023.04.01-11.52.04:979][  0]LogConfig: Setting CVar [[r.MaterialQualityLevel:1 ; High quality]]
[2023.04.01-11.52.04:979][  0]LogConfig: Setting CVar [[r.SSS.Scale:1]]
[2023.04.01-11.52.04:979][  0]LogConfig: Setting CVar [[r.SSS.SampleSet:2]]
[2023.04.01-11.52.04:979][  0]LogConfig: Setting CVar [[r.SSS.Quality:1]]
[2023.04.01-11.52.04:979][  0]LogConfig: Setting CVar [[r.SSS.HalfRes:1]]
[2023.04.01-11.52.04:979][  0]LogConfig: Setting CVar [[r.EmitterSpawnRateScale:1.0]]
[2023.04.01-11.52.04:979][  0]LogConfig: Setting CVar [[r.ParticleLightQuality:2]]
[2023.04.01-11.52.04:979][  0]LogConfig: Applying CVar settings from Section [FoliageQuality@3] File [C:/Users/Администратор/Documents/GitHub/RixGame/Saved/Config/Windows/Scalability.ini]
[2023.04.01-11.52.04:979][  0]LogConfig: Setting CVar [[foliage.DensityScale:1.0]]
[2023.04.01-11.52.04:979][  0]LogConfig: Setting CVar [[grass.DensityScale:1.0]]
[2023.04.01-11.52.04:979][  0]LogConfig: Applying CVar settings from Section [Startup] File [../../../Engine/Config/ConsoleVariables.ini]
[2023.04.01-11.52.04:979][  0]LogConfig: Setting CVar [[net.UseAdaptiveNetUpdateFrequency:0]]
[2023.04.01-11.52.04:979][  0]LogConfig: Setting CVar [[p.chaos.AllowCreatePhysxBodies:1]]
[2023.04.01-11.52.04:979][  0]LogConfig: Applying CVar settings from Section [ConsoleVariables] File [C:/Users/Администратор/Documents/GitHub/RixGame/Saved/Config/Windows/Engine.ini]
[2023.04.01-11.52.04:979][  0]LogInit: Computer: PLRX-00011681
[2023.04.01-11.52.04:979][  0]LogInit: User: Администратор
[2023.04.01-11.52.04:979][  0]LogInit: CPU Page size=4096, Cores=6
[2023.04.01-11.52.04:979][  0]LogInit: High frequency timer resolution =10.000000 MHz
[2023.04.01-11.52.04:979][  0]LogMemory: Memory total: Physical=31.8GB (32GB approx)
[2023.04.01-11.52.04:979][  0]LogMemory: Platform Memory Stats for Windows
[2023.04.01-11.52.04:979][  0]LogMemory: Process Physical Memory: 102.46 MB used, 102.46 MB peak
[2023.04.01-11.52.04:979][  0]LogMemory: Process Virtual Memory: 89.46 MB used, 89.46 MB peak
[2023.04.01-11.52.04:979][  0]LogMemory: Physical Memory: 10600.02 MB used,  21961.22 MB free, 32561.24 MB total
[2023.04.01-11.52.04:979][  0]LogMemory: Virtual Memory: 4676.71 MB used,  134213048.00 MB free, 134217728.00 MB total
[2023.04.01-11.52.04:981][  0]LogWindows: WindowsPlatformFeatures enabled
[2023.04.01-11.52.04:999][  0]LogInit: Using OS detected language (ru-RU).
[2023.04.01-11.52.04:999][  0]LogInit: Using OS detected locale (ru-RU).
[2023.04.01-11.52.05:000][  0]LogTextLocalizationManager: No specific localization for 'ru-RU' exists, so the 'ru' localization will be used.
[2023.04.01-11.52.05:000][  0]LogTextLocalizationResource: LocRes '../../../Engine/Content/Localization/Editor/ru/Editor.locres' could not be opened for reading!
[2023.04.01-11.52.05:000][  0]LogTextLocalizationResource: LocRes '../../../Engine/Content/Localization/EditorTutorials/ru/EditorTutorials.locres' could not be opened for reading!
[2023.04.01-11.52.05:000][  0]LogTextLocalizationResource: LocRes '../../../Engine/Content/Localization/Keywords/ru/Keywords.locres' could not be opened for reading!
[2023.04.01-11.52.05:000][  0]LogTextLocalizationResource: LocRes '../../../Engine/Content/Localization/Category/ru/Category.locres' could not be opened for reading!
[2023.04.01-11.52.05:001][  0]LogTextLocalizationResource: LocRes '../../../Engine/Content/Localization/ToolTips/ru/ToolTips.locres' could not be opened for reading!
[2023.04.01-11.52.05:001][  0]LogTextLocalizationResource: LocRes '../../../Engine/Content/Localization/PropertyNames/ru/PropertyNames.locres' could not be opened for reading!
[2023.04.01-11.52.05:001][  0]LogTextLocalizationResource: LocRes '../../../Engine/Content/Localization/Engine/ru/Engine.locres' could not be opened for reading!
[2023.04.01-11.52.05:002][  0]LogInit: Setting process to per monitor DPI aware
[2023.04.01-11.52.05:033][  0]LogSlate: New Slate User Created.  User Index 0, Is Virtual User: 0
[2023.04.01-11.52.05:033][  0]LogSlate: Slate User Registered.  User Index 0, Is Virtual User: 0
[2023.04.01-11.52.05:199][  0]LogHMD: Failed to initialize OpenVR with code 110
[2023.04.01-11.52.05:199][  0]LogD3D11RHI: D3D11 adapters:
[2023.04.01-11.52.05:317][  0]LogD3D11RHI:    0. 'NVIDIA GeForce GTX 1660 Ti with Max-Q Design' (Feature Level 11_0)
[2023.04.01-11.52.05:317][  0]LogD3D11RHI:       5991/0/16280 MB DedicatedVideo/DedicatedSystem/SharedSystem, Outputs:2, VendorId:0x10de
[2023.04.01-11.52.05:361][  0]LogD3D11RHI:    1. 'Intel(R) UHD Graphics 630' (Feature Level 11_0)
[2023.04.01-11.52.05:361][  0]LogD3D11RHI:       128/0/16280 MB DedicatedVideo/DedicatedSystem/SharedSystem, Outputs:0, VendorId:0x8086
[2023.04.01-11.52.05:364][  0]LogD3D11RHI:    2. 'Microsoft Basic Render Driver' (Feature Level 11_0)
[2023.04.01-11.52.05:364][  0]LogD3D11RHI:       0/0/16280 MB DedicatedVideo/DedicatedSystem/SharedSystem, Outputs:0, VendorId:0x1414
[2023.04.01-11.52.05:364][  0]LogD3D11RHI: Chosen D3D11 Adapter: 0
[2023.04.01-11.52.05:370][  0]LogD3D11RHI: Creating new Direct3DDevice
[2023.04.01-11.52.05:370][  0]LogD3D11RHI:     GPU DeviceId: 0x2191 (for the marketing name, search the web for "GPU Device Id")
[2023.04.01-11.52.05:370][  0]LogWindows: EnumDisplayDevices:
[2023.04.01-11.52.05:370][  0]LogWindows:    0. 'Intel(R) UHD Graphics 630' (P:1 D:1)
[2023.04.01-11.52.05:370][  0]LogWindows:    1. 'Intel(R) UHD Graphics 630' (P:0 D:0)
[2023.04.01-11.52.05:371][  0]LogWindows:    2. 'Intel(R) UHD Graphics 630' (P:0 D:0)
[2023.04.01-11.52.05:371][  0]LogWindows:    3. 'NVIDIA GeForce GTX 1660 Ti with Max-Q Design' (P:0 D:1)
[2023.04.01-11.52.05:371][  0]LogWindows: DebugString: PrimaryIsNotTheChoosenAdapter PrimaryIsNotTheChoosenAdapter PrimaryIsNotTheChoosenAdapter 
[2023.04.01-11.52.05:371][  0]LogD3D11RHI:     Adapter Name: NVIDIA GeForce GTX 1660 Ti with Max-Q Design
[2023.04.01-11.52.05:371][  0]LogD3D11RHI:   Driver Version: 512.72 (internal:30.0.15.1272, unified:512.72)
[2023.04.01-11.52.05:371][  0]LogD3D11RHI:      Driver Date: 5-2-2022
[2023.04.01-11.52.05:371][  0]LogRHI: Texture pool is 4193 MB (70% of 5991 MB)
[2023.04.01-11.52.05:433][  0]LogD3D11RHI: Async texture creation enabled
[2023.04.01-11.52.05:443][  0]LogD3D11RHI: GPU Timing Frequency: 1000.000000 (Debug: 2 1)
[2023.04.01-11.52.05:735][  0]LogTemp: Display: Module 'AllDesktopTargetPlatform' loaded TargetPlatform 'AllDesktop'
[2023.04.01-11.52.05:743][  0]LogTemp: Display: Module 'MacClientTargetPlatform' loaded TargetPlatform 'MacClient'
[2023.04.01-11.52.05:752][  0]LogTemp: Display: Module 'MacNoEditorTargetPlatform' loaded TargetPlatform 'MacNoEditor'
[2023.04.01-11.52.05:760][  0]LogTemp: Display: Module 'MacServerTargetPlatform' loaded TargetPlatform 'MacServer'
[2023.04.01-11.52.05:768][  0]LogTemp: Display: Module 'MacTargetPlatform' loaded TargetPlatform 'Mac'
[2023.04.01-11.52.05:776][  0]LogTemp: Display: Module 'WindowsClientTargetPlatform' loaded TargetPlatform 'WindowsClient'
[2023.04.01-11.52.05:785][  0]LogTemp: Display: Module 'WindowsNoEditorTargetPlatform' loaded TargetPlatform 'WindowsNoEditor'
[2023.04.01-11.52.05:793][  0]LogTemp: Display: Module 'WindowsServerTargetPlatform' loaded TargetPlatform 'WindowsServer'
[2023.04.01-11.52.05:797][  0]LogTemp: Display: Module 'WindowsTargetPlatform' loaded TargetPlatform 'Windows'
[2023.04.01-11.52.05:833][  0]LogTemp: Display: Module 'AndroidTargetPlatform' loaded TargetPlatform 'Android'
[2023.04.01-11.52.05:833][  0]LogTemp: Display: Module 'AndroidTargetPlatform' loaded TargetPlatform 'Android_ASTC'
[2023.04.01-11.52.05:833][  0]LogTemp: Display: Module 'AndroidTargetPlatform' loaded TargetPlatform 'Android_ATC'
[2023.04.01-11.52.05:833][  0]LogTemp: Display: Module 'AndroidTargetPlatform' loaded TargetPlatform 'Android_DXT'
[2023.04.01-11.52.05:833][  0]LogTemp: Display: Module 'AndroidTargetPlatform' loaded TargetPlatform 'Android_ETC1'
[2023.04.01-11.52.05:833][  0]LogTemp: Display: Module 'AndroidTargetPlatform' loaded TargetPlatform 'Android_ETC1a'
[2023.04.01-11.52.05:833][  0]LogTemp: Display: Module 'AndroidTargetPlatform' loaded TargetPlatform 'Android_ETC2'
[2023.04.01-11.52.05:833][  0]LogTemp: Display: Module 'AndroidTargetPlatform' loaded TargetPlatform 'Android_PVRTC'
[2023.04.01-11.52.05:833][  0]LogTemp: Display: Module 'AndroidTargetPlatform' loaded TargetPlatform 'AndroidClient'
[2023.04.01-11.52.05:833][  0]LogTemp: Display: Module 'AndroidTargetPlatform' loaded TargetPlatform 'Android_ASTCClient'
[2023.04.01-11.52.05:833][  0]LogTemp: Display: Module 'AndroidTargetPlatform' loaded TargetPlatform 'Android_ATCClient'
[2023.04.01-11.52.05:833][  0]LogTemp: Display: Module 'AndroidTargetPlatform' loaded TargetPlatform 'Android_DXTClient'
[2023.04.01-11.52.05:833][  0]LogTemp: Display: Module 'AndroidTargetPlatform' loaded TargetPlatform 'Android_ETC1Client'
[2023.04.01-11.52.05:833][  0]LogTemp: Display: Module 'AndroidTargetPlatform' loaded TargetPlatform 'Android_ETC1aClient'
[2023.04.01-11.52.05:833][  0]LogTemp: Display: Module 'AndroidTargetPlatform' loaded TargetPlatform 'Android_ETC2Client'
[2023.04.01-11.52.05:833][  0]LogTemp: Display: Module 'AndroidTargetPlatform' loaded TargetPlatform 'Android_PVRTCClient'
[2023.04.01-11.52.05:833][  0]LogTemp: Display: Module 'AndroidTargetPlatform' loaded TargetPlatform 'Android_Multi'
[2023.04.01-11.52.05:833][  0]LogTemp: Display: Module 'AndroidTargetPlatform' loaded TargetPlatform 'Android_MultiClient'
[2023.04.01-11.52.05:835][  0]LogTemp: Display: Module 'HTML5TargetPlatform' loaded TargetPlatform 'HTML5'
[2023.04.01-11.52.05:851][  0]LogTemp: Display: Module 'IOSTargetPlatform' loaded TargetPlatform 'IOSClient'
[2023.04.01-11.52.05:852][  0]LogTemp: Display: Module 'IOSTargetPlatform' loaded TargetPlatform 'IOS'
[2023.04.01-11.52.05:866][  0]LogTemp: Display: Module 'TVOSTargetPlatform' loaded TargetPlatform 'TVOSClient'
[2023.04.01-11.52.05:866][  0]LogTemp: Display: Module 'TVOSTargetPlatform' loaded TargetPlatform 'TVOS'
[2023.04.01-11.52.05:873][  0]LogTemp: Display: Module 'LinuxClientTargetPlatform' loaded TargetPlatform 'LinuxClient'
[2023.04.01-11.52.05:880][  0]LogTemp: Display: Module 'LinuxNoEditorTargetPlatform' loaded TargetPlatform 'LinuxNoEditor'
[2023.04.01-11.52.05:887][  0]LogTemp: Display: Module 'LinuxServerTargetPlatform' loaded TargetPlatform 'LinuxServer'
[2023.04.01-11.52.05:894][  0]LogTemp: Display: Module 'LinuxTargetPlatform' loaded TargetPlatform 'Linux'
[2023.04.01-11.52.05:918][  0]LogTemp: Display: Module 'LuminTargetPlatform' loaded TargetPlatform 'Lumin'
[2023.04.01-11.52.05:918][  0]LogTemp: Display: Module 'LuminTargetPlatform' loaded TargetPlatform 'LuminClient'
[2023.04.01-11.52.05:918][  0]LogTargetPlatformManager: Display: Building Assets For Windows
[2023.04.01-11.52.05:927][  0]LogAudioDebug: Display: Lib vorbis DLL was dynamically loaded.
[2023.04.01-11.52.05:986][  0]LogShaderCompilers: Guid format shader working directory is -9 characters bigger than the processId version (../../../../../../Users/Администратор/Documents/GitHub/RixGame/Intermediate/Shaders/WorkingDirectory/11368/).
[2023.04.01-11.52.05:987][  0]LogShaderCompilers: Cleaned the shader compiler working directory 'C:/Users/Администратор/AppData/Local/Temp/UnrealShaderWorkingDir/E63938A84224F69D70317DA94B1590A0/'.
[2023.04.01-11.52.05:989][  0]LogXGEController: Cannot use XGE Controller as Incredibuild is not installed on this machine.
[2023.04.01-11.52.05:989][  0]LogShaderCompilers: Cannot use XGE Shader Compiler as Incredibuild is not installed on this machine.
[2023.04.01-11.52.05:989][  0]LogShaderCompilers: Display: Using Local Shader Compiler.
[2023.04.01-11.52.06:517][  0]LogDerivedDataCache: Display: Max Cache Size: 512 MB
[2023.04.01-11.52.06:574][  0]LogDerivedDataCache: Loaded boot cache 0.06s 73MB C:/Users/Администратор/AppData/Local/UnrealEngine/4.23/DerivedDataCache/Boot.ddc.
[2023.04.01-11.52.06:574][  0]LogDerivedDataCache: Display: Loaded Boot cache: C:/Users/Администратор/AppData/Local/UnrealEngine/4.23/DerivedDataCache/Boot.ddc
[2023.04.01-11.52.06:574][  0]LogDerivedDataCache: FDerivedDataBackendGraph:  Pak pak cache file ../../../../../../Users/Администратор/Documents/GitHub/RixGame/DerivedDataCache/DDC.ddp not found, will not use a pak cache.
[2023.04.01-11.52.06:574][  0]LogDerivedDataCache: Unable to find inner node Pak for hierarchical cache Hierarchy.
[2023.04.01-11.52.06:574][  0]LogDerivedDataCache: FDerivedDataBackendGraph:  CompressedPak pak cache file ../../../../../../Users/Администратор/Documents/GitHub/RixGame/DerivedDataCache/Compressed.ddp not found, will not use a pak cache.
[2023.04.01-11.52.06:574][  0]LogDerivedDataCache: Unable to find inner node CompressedPak for hierarchical cache Hierarchy.
[2023.04.01-11.52.06:583][  0]LogDerivedDataCache: Display: Pak cache opened for reading ../../../Engine/DerivedDataCache/Compressed.ddp.
[2023.04.01-11.52.06:583][  0]LogDerivedDataCache: FDerivedDataBackendGraph:  EnterprisePak pak cache file ../../../Enterprise/DerivedDataCache/Compressed.ddp not found, will not use a pak cache.
[2023.04.01-11.52.06:583][  0]LogDerivedDataCache: Unable to find inner node EnterprisePak for hierarchical cache Hierarchy.
[2023.04.01-11.52.06:584][  0]LogDerivedDataCache: Using Local data cache path C:/Users/Администратор/AppData/Local/UnrealEngine/Common/DerivedDataCache: Writable
[2023.04.01-11.52.06:585][  0]LogDerivedDataCache: Shared data cache path not found in *engine.ini, will not use an Shared cache.
[2023.04.01-11.52.06:585][  0]LogDerivedDataCache: Unable to find inner node Shared for hierarchical cache Hierarchy.
[2023.04.01-11.52.06:602][  0]LogMaterial: Verifying Global Shaders for PCD3D_SM5
[2023.04.01-11.52.06:604][  0]LogSlate: Using FreeType 2.6.0
[2023.04.01-11.52.06:604][  0]LogSlate: SlateFontServices - WITH_FREETYPE: 1, WITH_HARFBUZZ: 1
[2023.04.01-11.52.06:652][  0]LogAssetRegistry: FAssetRegistry took 0.0021 seconds to start up
[2023.04.01-11.52.06:873][  0]LogInit: Selected Device Profile: [Windows]
[2023.04.01-11.52.07:001][  0]LogMeshReduction: Using QuadricMeshReduction for automatic static mesh reduction
[2023.04.01-11.52.07:001][  0]LogMeshReduction: Using SimplygonMeshReduction for automatic skeletal mesh reduction
[2023.04.01-11.52.07:001][  0]LogMeshReduction: Using ProxyLODMeshReduction for automatic mesh merging
[2023.04.01-11.52.07:001][  0]LogMeshReduction: No distributed automatic mesh merging module available
[2023.04.01-11.52.07:001][  0]LogMeshMerging: No distributed automatic mesh merging module available
[2023.04.01-11.52.07:010][  0]LogNetVersion: RixGame 1.0.0, NetCL: 8386587, EngineNetVer: 11, GameNetVer: 0 (Checksum: 39037218)
[2023.04.01-11.52.07:332][  0]LogPackageLocalizationCache: Processed 12 localized package path(s) for 1 prioritized culture(s) in 0.023347 seconds
[2023.04.01-11.52.07:337][  0]LogUObjectArray: 43444 objects as part of root set at end of initial load.
[2023.04.01-11.52.07:337][  0]LogUObjectAllocator: 7548648 out of 0 bytes used by permanent object pool.
[2023.04.01-11.52.07:337][  0]LogUObjectArray: CloseDisregardForGC: 0/0 objects in disregard for GC pool
[2023.04.01-11.52.08:056][  0]LogTcpMessaging: Initializing TcpMessaging bridge
[2023.04.01-11.52.08:058][  0]LogUdpMessaging: Initializing bridge on interface 0.0.0.0:0 to multicast group 230.0.0.1:6666.
[2023.04.01-11.52.08:105][  0]SourceControl: Source control is disabled
[2023.04.01-11.52.08:105][  0]SourceControl: Source control is disabled
[2023.04.01-11.52.08:106][  0]SourceControl: Source control is disabled
[2023.04.01-11.52.08:107][  0]SourceControl: Source control is disabled
[2023.04.01-11.52.08:187][  0]LogAndroidPermission: UAndroidPermissionCallbackProxy::GetInstance
[2023.04.01-11.52.08:421][  0]LogOcInput: OculusInput pre-init called
[2023.04.01-11.52.08:430][  0]LogWindows: Failed to load 'OVRPlugin.dll' (GetLastError=126)
[2023.04.01-11.52.08:430][  0]LogWindows: File 'OVRPlugin.dll' does not exist
[2023.04.01-11.52.08:496][  0]LogEngine: Initializing Engine...
[2023.04.01-11.52.08:497][  0]LogHMD: Failed to initialize OpenVR with code 110
[2023.04.01-11.52.08:499][  0]LogStats: UGameplayTagsManager::InitializeManager -  0.000 s
[2023.04.01-11.52.08:702][  0]LogInit: Initializing FReadOnlyCVARCache
[2023.04.01-11.52.08:715][  0]LogAIModule: Creating AISystem for world Untitled
[2023.04.01-11.52.08:749][  0]LogInit: XAudio2 using 'Наушники (JBL FREE II Stereo)' : 2 channels at 44.1 kHz using 16 bits per sample (channel mask 0x3)
[2023.04.01-11.52.08:766][  0]LogInit: FAudioDevice initialized.
[2023.04.01-11.52.08:767][  0]LogNetVersion: Set ProjectVersion to 1.0.0.0. Version Checksum will be recalculated on next use.
[2023.04.01-11.52.08:903][  0]LogDerivedDataCache: Saved boot cache 0.14s 73MB C:/Users/Администратор/AppData/Local/UnrealEngine/4.23/DerivedDataCache/Boot.ddc.
[2023.04.01-11.52.08:904][  0]LogInit: Texture streaming: Enabled
[2023.04.01-11.52.08:922][  0]LogEngineSessionManager: EngineSessionManager initialized
[2023.04.01-11.52.08:922][  0]LogEditorSessionSummary: Verbose: Initializing EditorSessionSummaryWriter for editor session tracking
[2023.04.01-11.52.08:922][  0]LogEditorSessionSummary: EditorSessionSummaryWriter initialized
[2023.04.01-11.52.08:955][  0]LogInit: Transaction tracking system initialized
[2023.04.01-11.52.08:984][  0]BlueprintLog: New page: Editor Load
[2023.04.01-11.52.09:058][  0]LocalizationService: Localization service is disabled
[2023.04.01-11.52.09:278][  0]LogFileCache: Scanning file cache for directory 'C:/Users/Администратор/Documents/GitHub/RixGame/Content/' took 0.00s
[2023.04.01-11.52.09:278][  0]LogCook: Display: Max memory allowance for cook 16384mb min free memory 0mb
[2023.04.01-11.52.09:278][  0]LogCook: Display: Mobile HDR setting 1
[2023.04.01-11.52.09:439][  0]SourceControl: Source control is disabled
[2023.04.01-11.52.09:440][  0]Cmd: MAP LOAD FILE="../../../../../../Users/Администратор/Documents/GitHub/RixGame/Content/PuzzleBP/Maps/PuzzleExampleMap.umap" TEMPLATE=0 SHOWPROGRESS=1 FEATURELEVEL=3
[2023.04.01-11.52.09:440][  0]LightingResults: New page: Lighting Build
[2023.04.01-11.52.09:442][  0]LogWorld: UWorld::CleanupWorld for Untitled, bSessionEnded=true, bCleanupResources=true
[2023.04.01-11.52.09:443][  0]MapCheck: New page: Map Check
[2023.04.01-11.52.09:443][  0]LightingResults: New page: Lighting Build
[2023.04.01-11.52.09:468][  0]LogUObjectHash: Compacting FUObjectHashTables data took   1.43ms
[2023.04.01-11.52.09:586][  0]LogAIModule: Creating AISystem for world PuzzleExampleMap
[2023.04.01-11.52.09:602][  0]LogEditorServer: Finished looking for orphan Actors (0.000 secs)
[2023.04.01-11.52.09:631][  0]LogUObjectHash: Compacting FUObjectHashTables data took   1.89ms
[2023.04.01-11.52.09:631][  0]Cmd: MAP CHECKDEP NOCLEARLOG
[2023.04.01-11.52.09:631][  0]MapCheck: Map check complete: 0 Error(s), 0 Warning(s), took 0,189ms to complete.
[2023.04.01-11.52.09:631][  0]LogFileHelpers: Loading map 'PuzzleExampleMap' took 0.192
[2023.04.01-11.52.09:719][  0]LogSlate: Updating window title bar state: overlay mode, drag disabled, window buttons hidden, title bar hidden
[2023.04.01-11.52.09:725][  0]LogSlate: Updating window title bar state: overlay mode, drag disabled, window buttons hidden, title bar hidden
[2023.04.01-11.52.09:731][  0]LogSlate: Updating window title bar state: overlay mode, drag disabled, window buttons hidden, title bar hidden
[2023.04.01-11.52.09:737][  0]LogSlate: Updating window title bar state: overlay mode, drag disabled, window buttons hidden, title bar hidden
[2023.04.01-11.52.09:744][  0]LogCollectionManager: Loaded 0 collections in 0.001869 seconds
[2023.04.01-11.52.09:749][  0]LogFileCache: Scanning file cache for directory 'C:/Users/Администратор/Documents/GitHub/RixGame/Saved/Collections/' took 0.00s
[2023.04.01-11.52.09:749][  0]LogFileCache: Scanning file cache for directory 'C:/Users/Администратор/Documents/GitHub/RixGame/Content/Developers/Администратор/Collections/' took 0.00s
[2023.04.01-11.52.09:750][  0]LogFileCache: Scanning file cache for directory 'C:/Users/Администратор/Documents/GitHub/RixGame/Content/Collections/' took 0.00s
[2023.04.01-11.52.09:750][  0]LogCollectionManager: Rebuilt the GUID cache for 0 collections in 0.000001 seconds
[2023.04.01-11.52.09:756][  0]LogContentBrowser: Native class hierarchy populated in 0.0064 seconds. Added 2863 classes and 680 folders.
[2023.04.01-11.52.09:762][  0]LogContentBrowser: Native class hierarchy updated for 'WidgetCarousel' in 0.0002 seconds. Added 0 classes and 0 folders.
[2023.04.01-11.52.09:858][  0]LogContentBrowser: Native class hierarchy updated for 'AddContentDialog' in 0.0002 seconds. Added 0 classes and 0 folders.
[2023.04.01-11.52.09:864][  0]LogContentBrowser: Native class hierarchy updated for 'SceneOutliner' in 0.0002 seconds. Added 1 classes and 2 folders.
[2023.04.01-11.52.09:942][  0]LogSlate: Took 0.000141 seconds to synchronously load lazily loaded font '../../../Engine/Content/Slate/Fonts/Roboto-Regular.ttf' (155K)
[2023.04.01-11.52.09:944][  0]LogSlate: Took 0.000133 seconds to synchronously load lazily loaded font '../../../Engine/Content/Slate/Fonts/Roboto-Bold.ttf' (160K)
[2023.04.01-11.52.09:949][  0]LogSlate: Took 0.000768 seconds to synchronously load lazily loaded font '../../../Engine/Content/Editor/Slate/Fonts/FontAwesome.ttf' (139K)
[2023.04.01-11.52.10:011][  0]LogRenderer: Reallocating scene render targets to support 836x436 Format 10 NumSamples 1 (Frame:1).
[2023.04.01-11.52.10:189][  0]LogContentBrowser: Native class hierarchy updated for 'HierarchicalLODOutliner' in 0.0002 seconds. Added 0 classes and 0 folders.
[2023.04.01-11.52.10:189][  0]LogLoad: (Engine Initialization) Total time: 6.34 seconds
[2023.04.01-11.52.10:189][  0]LogLoad: (Engine Initialization) Total Blueprint compile time: 0.00 seconds
[2023.04.01-11.52.10:238][  0]LogAssetRegistry: Asset discovery search completed in 3.5861 seconds
[2023.04.01-11.52.10:241][  0]LogCollectionManager: Rebuilt the object cache for 0 collections in 0.000004 seconds (found 0 objects)
[2023.04.01-11.52.10:241][  0]LogCollectionManager: Fixed up redirectors for 0 collections in 0.000045 seconds (updated 0 objects)
[2023.04.01-11.52.10:241][  0]LogContentStreaming: Texture pool size now 1000 MB
[2023.04.01-11.52.10:255][  0]LogSlate: Took 0.000873 seconds to synchronously load lazily loaded font '../../../Engine/Content/Slate/Fonts/Roboto-Light.ttf' (167K)
[2023.04.01-11.53.10:371][270]LogEditorSessionSummary: EditorSessionSummary sent report. Type=Shutdown, SessionId={FFDBFEF7-4245-D492-352F-D188F217299A}
[2023.04.01-11.53.10:371][270]LogEditorSessionSummary: EditorSessionSummary sent report. Type=Shutdown, SessionId={D1131F3A-434E-F5E6-3E6C-7A948642E0D8}
[2023.04.01-11.53.10:371][270]LogEditorSessionSummary: EditorSessionSummary sent report. Type=Shutdown, SessionId={90FBDA3C-4873-A5B0-47D5-1D8E43477689}
[2023.04.01-11.53.10:371][270]LogEditorSessionSummary: EditorSessionSummary sent report. Type=Shutdown, SessionId={9D83CFD4-4FF7-85B8-BFF3-7489F0A0CDDA}
[2023.04.01-11.53.10:371][270]LogEditorSessionSummary: EditorSessionSummary sent report. Type=Shutdown, SessionId={7C80C3B6-4318-4C85-FD99-8DAADFAD4073}
[2023.04.01-11.53.23:782][590]LogSlate: FSceneViewport::OnFocusLost() reason 0
[2023.04.01-11.54.50:104][630]LogWindowsTextInputMethodSystem: Display: IME system now deactivated.
[2023.04.01-11.54.50:104][630]LogWindowsTextInputMethodSystem: Display: IME system now deactivated.
[2023.04.01-11.55.07:279][639]LogWindowsTextInputMethodSystem: Display: IME system now deactivated.
[2023.04.01-11.55.07:279][639]LogWindowsTextInputMethodSystem: Display: IME system now deactivated.
[2023.04.01-11.56.02:743][272]LogSlate: Took 0.000130 seconds to synchronously load lazily loaded font '../../../Engine/Content/Slate/Fonts/Roboto-Light.ttf' (167K)
[2023.04.01-11.56.02:760][272]LogFactory: FactoryCreateFile: Texture with ReimportTextureFactory (0 0 C:\Users\Администратор\Desktop\TV.png)
[2023.04.01-11.56.02:891][272]LogTexture: Display: Building textures: TV (BGRA8, 2482X2717)
[2023.04.01-11.56.11:462][513]LogSlate: Took 0.000851 seconds to synchronously load lazily loaded font '../../../Engine/Content/Slate/Fonts/Roboto-BoldCondensed.ttf' (158K)
[2023.04.01-11.56.31:625][688]LogSlate: Window 'Extract sprites' being destroyed
[2023.04.01-12.02.10:533][526]LogUObjectHash: Compacting FUObjectHashTables data took   1.50ms
[2023.04.01-12.02.10:533][526]LogFileHelpers: Editor autosave (incl. sublevels) for '/Game/PuzzleBP/Maps/PuzzleExampleMap' took 0.025
[2023.04.01-12.02.10:535][526]OBJ SavePackage: Generating thumbnails for [1] asset(s) in package [/Game/Sprite/TV] ([1] browsable assets)...
[2023.04.01-12.02.10:541][526]OBJ SavePackage:     Rendered thumbnail for [Texture2D /Game/Sprite/TV.TV]
[2023.04.01-12.02.10:541][526]OBJ SavePackage: Finished generating thumbnails for package [/Game/Sprite/TV]
[2023.04.01-12.02.10:541][526]Cmd: OBJ SAVEPACKAGE PACKAGE="/Game/Sprite/TV" FILE="../../../../../../Users/Администратор/Documents/GitHub/RixGame/Saved/Autosaves/Game/Sprite/TV_Auto1.uasset" SILENT=false AUTOSAVING=true
[2023.04.01-12.02.10:674][526]LogSavePackage: Moving '../../../../../../Users/Администратор/Documents/GitHub/RixGame/Saved/TV_Auto11BC614F548F0CBA9B90AA78A47302BDB.tmp' to '../../../../../../Users/Администратор/Documents/GitHub/RixGame/Saved/Autosaves/Game/Sprite/TV_Auto1.uasset'
[2023.04.01-12.02.10:675][526]OBJ SavePackage: Generating thumbnails for [1] asset(s) in package [/Game/Sprite/TV_Sprite_0] ([1] browsable assets)...
[2023.04.01-12.02.10:681][526]OBJ SavePackage:     Rendered thumbnail for [PaperSprite /Game/Sprite/TV_Sprite_0.TV_Sprite_0]
[2023.04.01-12.02.10:682][526]OBJ SavePackage: Finished generating thumbnails for package [/Game/Sprite/TV_Sprite_0]
[2023.04.01-12.02.10:688][526]LogSavePackage: Moving '../../../../../../Users/Администратор/Documents/GitHub/RixGame/Saved/TV_Sprite_0_Auto11CAFB49C41CED993D249128664262A1F.tmp' to '../../../../../../Users/Администратор/Documents/GitHub/RixGame/Saved/Autosaves/Game/Sprite/TV_Sprite_0_Auto1.uasset'
[2023.04.01-12.02.10:688][526]OBJ SavePackage: Generating thumbnails for [1] asset(s) in package [/Game/Sprite/TV_Sprite_1] ([1] browsable assets)...
[2023.04.01-12.02.10:695][526]OBJ SavePackage:     Rendered thumbnail for [PaperSprite /Game/Sprite/TV_Sprite_1.TV_Sprite_1]
[2023.04.01-12.02.10:695][526]OBJ SavePackage: Finished generating thumbnails for package [/Game/Sprite/TV_Sprite_1]
[2023.04.01-12.02.10:701][526]LogSavePackage: Moving '../../../../../../Users/Администратор/Documents/GitHub/RixGame/Saved/TV_Sprite_1_Auto10379A97E44676A8BFB55F6AF4646F578.tmp' to '../../../../../../Users/Администратор/Documents/GitHub/RixGame/Saved/Autosaves/Game/Sprite/TV_Sprite_1_Auto1.uasset'
[2023.04.01-12.02.10:702][526]OBJ SavePackage: Generating thumbnails for [1] asset(s) in package [/Game/Sprite/TV_Sprite_2] ([1] browsable assets)...
[2023.04.01-12.02.10:708][526]OBJ SavePackage:     Rendered thumbnail for [PaperSprite /Game/Sprite/TV_Sprite_2.TV_Sprite_2]
[2023.04.01-12.02.10:708][526]OBJ SavePackage: Finished generating thumbnails for package [/Game/Sprite/TV_Sprite_2]
[2023.04.01-12.02.10:712][526]LogSavePackage: Moving '../../../../../../Users/Администратор/Documents/GitHub/RixGame/Saved/TV_Sprite_2_Auto1E4BC3F404226CEDE5448048971912953.tmp' to '../../../../../../Users/Администратор/Documents/GitHub/RixGame/Saved/Autosaves/Game/Sprite/TV_Sprite_2_Auto1.uasset'
[2023.04.01-12.02.10:712][526]OBJ SavePackage: Generating thumbnails for [1] asset(s) in package [/Game/Sprite/TV_Sprite_3] ([1] browsable assets)...
[2023.04.01-12.02.10:718][526]OBJ SavePackage:     Rendered thumbnail for [PaperSprite /Game/Sprite/TV_Sprite_3.TV_Sprite_3]
[2023.04.01-12.02.10:718][526]OBJ SavePackage: Finished generating thumbnails for package [/Game/Sprite/TV_Sprite_3]
[2023.04.01-12.02.10:723][526]LogSavePackage: Moving '../../../../../../Users/Администратор/Documents/GitHub/RixGame/Saved/TV_Sprite_3_Auto17330FCF743C9E42F812B84BC6EA4C587.tmp' to '../../../../../../Users/Администратор/Documents/GitHub/RixGame/Saved/Autosaves/Game/Sprite/TV_Sprite_3_Auto1.uasset'
[2023.04.01-12.02.10:723][526]OBJ SavePackage: Generating thumbnails for [1] asset(s) in package [/Game/Sprite/TV_Sprite_4] ([1] browsable assets)...
[2023.04.01-12.02.10:729][526]OBJ SavePackage:     Rendered thumbnail for [PaperSprite /Game/Sprite/TV_Sprite_4.TV_Sprite_4]
[2023.04.01-12.02.10:729][526]OBJ SavePackage: Finished generating thumbnails for package [/Game/Sprite/TV_Sprite_4]
[2023.04.01-12.02.10:734][526]LogSavePackage: Moving '../../../../../../Users/Администратор/Documents/GitHub/RixGame/Saved/TV_Sprite_4_Auto143BCFDE7497E3C13EA2402830CA60943.tmp' to '../../../../../../Users/Администратор/Documents/GitHub/RixGame/Saved/Autosaves/Game/Sprite/TV_Sprite_4_Auto1.uasset'
[2023.04.01-12.02.10:735][526]OBJ SavePackage: Generating thumbnails for [1] asset(s) in package [/Game/Sprite/TV_Sprite_5] ([1] browsable assets)...
[2023.04.01-12.02.10:741][526]OBJ SavePackage:     Rendered thumbnail for [PaperSprite /Game/Sprite/TV_Sprite_5.TV_Sprite_5]
[2023.04.01-12.02.10:741][526]OBJ SavePackage: Finished generating thumbnails for package [/Game/Sprite/TV_Sprite_5]
[2023.04.01-12.02.10:745][526]LogSavePackage: Moving '../../../../../../Users/Администратор/Documents/GitHub/RixGame/Saved/TV_Sprite_5_Auto142E1419E449C9F8D30E5BC87F3E2CB8D.tmp' to '../../../../../../Users/Администратор/Documents/GitHub/RixGame/Saved/Autosaves/Game/Sprite/TV_Sprite_5_Auto1.uasset'
[2023.04.01-12.02.10:745][526]OBJ SavePackage: Generating thumbnails for [1] asset(s) in package [/Game/Sprite/TV_Sprite_6] ([1] browsable assets)...
[2023.04.01-12.02.10:751][526]OBJ SavePackage:     Rendered thumbnail for [PaperSprite /Game/Sprite/TV_Sprite_6.TV_Sprite_6]
[2023.04.01-12.02.10:751][526]OBJ SavePackage: Finished generating thumbnails for package [/Game/Sprite/TV_Sprite_6]
[2023.04.01-12.02.10:755][526]LogSavePackage: Moving '../../../../../../Users/Администратор/Documents/GitHub/RixGame/Saved/TV_Sprite_6_Auto118A2A99F499974B6C35B8CBE90F36923.tmp' to '../../../../../../Users/Администратор/Documents/GitHub/RixGame/Saved/Autosaves/Game/Sprite/TV_Sprite_6_Auto1.uasset'
[2023.04.01-12.02.10:756][526]LogFileHelpers: Auto-saving content packages took 0.222
[2023.04.01-12.02.12:506][532]LogEditorSessionSummary: EditorSessionSummary sent report. Type=Shutdown, SessionId={29777496-4857-99AD-7A5A-DCBBDEDBDA33}
[2023.04.01-12.08.10:404][858]LogUObjectHash: Compacting FUObjectHashTables data took   1.28ms
[2023.04.01-12.08.12:252][858]LogSlate: Window 'Delete Assets' being destroyed
[2023.04.01-12.08.12:344][858]LogUObjectHash: Compacting FUObjectHashTables data took   1.37ms
[2023.04.01-12.08.18:674][969]LogFactory: FactoryCreateFile: Texture with ReimportTextureFactory (0 0 C:\Users\Администратор\Desktop\TetrisUI.png)
[2023.04.01-12.08.18:676][969]LogTexture: Display: Building textures: TetrisUI (BGRA8, 137X141)
[2023.04.01-12.08.25:912][ 39]LogFactory: FactoryCreateFile: Texture with ReimportTextureFactory (0 0 C:\Users\Администратор\Desktop\TV1.png)
[2023.04.01-12.08.25:915][ 39]LogTexture: Display: Building textures: TV1 (BGRA8, 303X313)
[2023.04.01-12.08.31:306][ 93]LogFactory: FactoryCreateFile: Texture with ReimportTextureFactory (0 0 C:\Users\Администратор\Desktop\TV2.png)
[2023.04.01-12.08.31:309][ 93]LogTexture: Display: Building textures: TV2 (BGRA8, 215X210)
[2023.04.01-12.08.42:313][580]LogFactory: FactoryCreateFile: Texture with ReimportTextureFactory (0 0 C:\Users\Администратор\Desktop\TV0.png)
[2023.04.01-12.08.42:410][580]LogTexture: Display: Building textures: TV0 (BGRA8, 2368X2022)
[2023.04.01-12.08.55:651][129]LogSlate: Window 'Extract sprites' being destroyed
[2023.04.01-12.09.52:007][507]LogSlate: FSceneViewport::OnFocusLost() reason 0
[2023.04.01-12.09.58:543][883]LogSlate: Window 'Extract sprites' being destroyed
[2023.04.01-12.10.14:409][826]LogUObjectHash: Compacting FUObjectHashTables data took   1.41ms
[2023.04.01-12.10.16:272][826]LogSlate: Window 'Delete Assets' being destroyed
[2023.04.01-12.10.16:368][826]LogUObjectHash: Compacting FUObjectHashTables data took   1.50ms
[2023.04.01-12.10.27:614][487]LogSlate: Window 'Extract sprites' being destroyed
[2023.04.01-12.10.46:196][593]LogEditorViewport: Clicking on Actor (LMB): BP_Sky_Sphere_C (SkySphere)
[2023.04.01-12.11.50:713][707]LogFactory: FactoryCreateFile: Texture with ReimportTextureFactory (0 0 C:\Users\Администратор\Desktop\TetrisUI2.png)
[2023.04.01-12.11.50:715][707]LogTexture: Display: Building textures: TetrisUI2 (BGRA8, 135X140)
[2023.04.01-12.11.50:720][707]LogFactory: FactoryCreateFile: Texture with ReimportTextureFactory (0 0 C:\Users\Администратор\Desktop\TetrisUI3.png)
[2023.04.01-12.11.50:722][707]LogTexture: Display: Building textures: TetrisUI3 (AutoDXT, 132X144)
[2023.04.01-12.11.50:751][707]LogSlate: FSceneViewport::OnFocusLost() reason 2
[2023.04.01-12.12.27:414][790]LogUObjectHash: Compacting FUObjectHashTables data took   1.47ms
[2023.04.01-12.12.27:510][790]LogSavePackage: Moving '../../../../../../Users/Администратор/Documents/GitHub/RixGame/Saved/PuzzleExampleMap_Auto28EE8D52C41AA920ADB876CB84B83EAAC.tmp' to '../../../../../../Users/Администратор/Documents/GitHub/RixGame/Saved/Autosaves/Game/PuzzleBP/Maps/PuzzleExampleMap_Auto2.umap'
[2023.04.01-12.12.27:512][790]LogFileHelpers: Editor autosave (incl. sublevels) for '/Game/PuzzleBP/Maps/PuzzleExampleMap' took 0.121
[2023.04.01-12.12.27:512][790]LogFileHelpers: Editor autosave (incl. sublevels) for all levels took 0.121
[2023.04.01-12.12.27:514][790]OBJ SavePackage: Generating thumbnails for [1] asset(s) in package [/Game/Sprite/TetrisUI] ([1] browsable assets)...
[2023.04.01-12.12.27:516][790]OBJ SavePackage:     Rendered thumbnail for [Texture2D /Game/Sprite/TetrisUI.TetrisUI]
[2023.04.01-12.12.27:516][790]OBJ SavePackage: Finished generating thumbnails for package [/Game/Sprite/TetrisUI]
[2023.04.01-12.12.27:516][790]Cmd: OBJ SAVEPACKAGE PACKAGE="/Game/Sprite/TetrisUI" FILE="../../../../../../Users/Администратор/Documents/GitHub/RixGame/Saved/Autosaves/Game/Sprite/TetrisUI_Auto2.uasset" SILENT=false AUTOSAVING=true
[2023.04.01-12.12.27:520][790]LogSavePackage: Moving '../../../../../../Users/Администратор/Documents/GitHub/RixGame/Saved/TetrisUI_Auto28B5BBE824EFD2D0CCCFD1B97D33383B1.tmp' to '../../../../../../Users/Администратор/Documents/GitHub/RixGame/Saved/Autosaves/Game/Sprite/TetrisUI_Auto2.uasset'
[2023.04.01-12.12.27:520][790]OBJ SavePackage: Generating thumbnails for [1] asset(s) in package [/Game/Sprite/TV1] ([1] browsable assets)...
[2023.04.01-12.12.27:525][790]OBJ SavePackage:     Rendered thumbnail for [Texture2D /Game/Sprite/TV1.TV1]
[2023.04.01-12.12.27:525][790]OBJ SavePackage: Finished generating thumbnails for package [/Game/Sprite/TV1]
[2023.04.01-12.12.27:525][790]Cmd: OBJ SAVEPACKAGE PACKAGE="/Game/Sprite/TV1" FILE="../../../../../../Users/Администратор/Documents/GitHub/RixGame/Saved/Autosaves/Game/Sprite/TV1_Auto2.uasset" SILENT=false AUTOSAVING=true
[2023.04.01-12.12.27:531][790]LogSavePackage: Moving '../../../../../../Users/Администратор/Documents/GitHub/RixGame/Saved/TV1_Auto2AB9BA5EA4F7D5C8E95FBDE950706536B.tmp' to '../../../../../../Users/Администратор/Documents/GitHub/RixGame/Saved/Autosaves/Game/Sprite/TV1_Auto2.uasset'
[2023.04.01-12.12.27:532][790]OBJ SavePackage: Generating thumbnails for [1] asset(s) in package [/Game/Sprite/TV2] ([1] browsable assets)...
[2023.04.01-12.12.27:536][790]OBJ SavePackage:     Rendered thumbnail for [Texture2D /Game/Sprite/TV2.TV2]
[2023.04.01-12.12.27:536][790]OBJ SavePackage: Finished generating thumbnails for package [/Game/Sprite/TV2]
[2023.04.01-12.12.27:536][790]Cmd: OBJ SAVEPACKAGE PACKAGE="/Game/Sprite/TV2" FILE="../../../../../../Users/Администратор/Documents/GitHub/RixGame/Saved/Autosaves/Game/Sprite/TV2_Auto2.uasset" SILENT=false AUTOSAVING=true
[2023.04.01-12.12.27:541][790]LogSavePackage: Moving '../../../../../../Users/Администратор/Documents/GitHub/RixGame/Saved/TV2_Auto28062A01B432BC183EEA4F6938B03E3BC.tmp' to '../../../../../../Users/Администратор/Documents/GitHub/RixGame/Saved/Autosaves/Game/Sprite/TV2_Auto2.uasset'
[2023.04.01-12.12.27:542][790]OBJ SavePackage: Generating thumbnails for [1] asset(s) in package [/Game/Sprite/TV0] ([1] browsable assets)...
[2023.04.01-12.12.27:545][790]OBJ SavePackage:     Rendered thumbnail for [Texture2D /Game/Sprite/TV0.TV0]
[2023.04.01-12.12.27:545][790]OBJ SavePackage: Finished generating thumbnails for package [/Game/Sprite/TV0]
[2023.04.01-12.12.27:545][790]Cmd: OBJ SAVEPACKAGE PACKAGE="/Game/Sprite/TV0" FILE="../../../../../../Users/Администратор/Documents/GitHub/RixGame/Saved/Autosaves/Game/Sprite/TV0_Auto2.uasset" SILENT=false AUTOSAVING=true
[2023.04.01-12.12.27:566][790]LogSavePackage: Moving '../../../../../../Users/Администратор/Documents/GitHub/RixGame/Saved/TV0_Auto28283D341457A32525E5E5E9160979B2C.tmp' to '../../../../../../Users/Администратор/Documents/GitHub/RixGame/Saved/Autosaves/Game/Sprite/TV0_Auto2.uasset'
[2023.04.01-12.12.27:567][790]OBJ SavePackage: Generating thumbnails for [1] asset(s) in package [/Game/Sprite/TV0_Sprite_0] ([1] browsable assets)...
[2023.04.01-12.12.27:571][790]OBJ SavePackage:     Rendered thumbnail for [PaperSprite /Game/Sprite/TV0_Sprite_0.TV0_Sprite_0]
[2023.04.01-12.12.27:572][790]OBJ SavePackage: Finished generating thumbnails for package [/Game/Sprite/TV0_Sprite_0]
[2023.04.01-12.12.27:578][790]LogSavePackage: Moving '../../../../../../Users/Администратор/Documents/GitHub/RixGame/Saved/TV0_Sprite_0_Auto2E0AC8DF5477573B8E8E9F9A3017DCC4A.tmp' to '../../../../../../Users/Администратор/Documents/GitHub/RixGame/Saved/Autosaves/Game/Sprite/TV0_Sprite_0_Auto2.uasset'
[2023.04.01-12.12.27:579][790]OBJ SavePackage: Generating thumbnails for [1] asset(s) in package [/Game/Sprite/TV1_Sprite_0] ([1] browsable assets)...
[2023.04.01-12.12.27:584][790]OBJ SavePackage:     Rendered thumbnail for [PaperSprite /Game/Sprite/TV1_Sprite_0.TV1_Sprite_0]
[2023.04.01-12.12.27:584][790]OBJ SavePackage: Finished generating thumbnails for package [/Game/Sprite/TV1_Sprite_0]
[2023.04.01-12.12.27:592][790]LogSavePackage: Moving '../../../../../../Users/Администратор/Documents/GitHub/RixGame/Saved/TV1_Sprite_0_Auto2A2C883B8459CAC02D385A4A821AF00ED.tmp' to '../../../../../../Users/Администратор/Documents/GitHub/RixGame/Saved/Autosaves/Game/Sprite/TV1_Sprite_0_Auto2.uasset'
[2023.04.01-12.12.27:593][790]OBJ SavePackage: Generating thumbnails for [1] asset(s) in package [/Game/Sprite/TV2_Sprite] ([1] browsable assets)...
[2023.04.01-12.12.27:597][790]OBJ SavePackage:     Rendered thumbnail for [PaperSprite /Game/Sprite/TV2_Sprite.TV2_Sprite]
[2023.04.01-12.12.27:597][790]OBJ SavePackage: Finished generating thumbnails for package [/Game/Sprite/TV2_Sprite]
[2023.04.01-12.12.27:604][790]LogSavePackage: Moving '../../../../../../Users/Администратор/Documents/GitHub/RixGame/Saved/TV2_Sprite_Auto2B9290FA44016564B7B12469FE03EC825.tmp' to '../../../../../../Users/Администратор/Documents/GitHub/RixGame/Saved/Autosaves/Game/Sprite/TV2_Sprite_Auto2.uasset'
[2023.04.01-12.12.27:605][790]OBJ SavePackage: Generating thumbnails for [1] asset(s) in package [/Game/Sprite/TetrisUI2] ([1] browsable assets)...
[2023.04.01-12.12.27:607][790]OBJ SavePackage:     Rendered thumbnail for [Texture2D /Game/Sprite/TetrisUI2.TetrisUI2]
[2023.04.01-12.12.27:607][790]OBJ SavePackage: Finished generating thumbnails for package [/Game/Sprite/TetrisUI2]
[2023.04.01-12.12.27:607][790]Cmd: OBJ SAVEPACKAGE PACKAGE="/Game/Sprite/TetrisUI2" FILE="../../../../../../Users/Администратор/Documents/GitHub/RixGame/Saved/Autosaves/Game/Sprite/TetrisUI2_Auto2.uasset" SILENT=false AUTOSAVING=true
[2023.04.01-12.12.27:610][790]LogSavePackage: Moving '../../../../../../Users/Администратор/Documents/GitHub/RixGame/Saved/TetrisUI2_Auto224B021464ED91BBEAA139084594857BC.tmp' to '../../../../../../Users/Администратор/Documents/GitHub/RixGame/Saved/Autosaves/Game/Sprite/TetrisUI2_Auto2.uasset'
[2023.04.01-12.12.27:610][790]OBJ SavePackage: Generating thumbnails for [1] asset(s) in package [/Game/Sprite/TetrisUI3] ([1] browsable assets)...
[2023.04.01-12.12.27:612][790]OBJ SavePackage:     Rendered thumbnail for [Texture2D /Game/Sprite/TetrisUI3.TetrisUI3]
[2023.04.01-12.12.27:612][790]OBJ SavePackage: Finished generating thumbnails for package [/Game/Sprite/TetrisUI3]
[2023.04.01-12.12.27:612][790]Cmd: OBJ SAVEPACKAGE PACKAGE="/Game/Sprite/TetrisUI3" FILE="../../../../../../Users/Администратор/Documents/GitHub/RixGame/Saved/Autosaves/Game/Sprite/TetrisUI3_Auto2.uasset" SILENT=false AUTOSAVING=true
[2023.04.01-12.12.27:615][790]LogSavePackage: Moving '../../../../../../Users/Администратор/Documents/GitHub/RixGame/Saved/TetrisUI3_Auto22EB144D349046A0DF22651B8BE8F0B0E.tmp' to '../../../../../../Users/Администратор/Documents/GitHub/RixGame/Saved/Autosaves/Game/Sprite/TetrisUI3_Auto2.uasset'
[2023.04.01-12.12.27:616][790]LogFileHelpers: Auto-saving content packages took 0.103
[2023.04.01-13.24.44:960][348]LogSlate: Window 'Extract sprites' being destroyed
[2023.04.01-13.24.53:616][800]LogSlate: Window 'Extract sprites' being destroyed
[2023.04.01-13.25.00:388][170]LogSlate: Window 'Extract sprites' being destroyed
[2023.04.01-13.25.10:011][685]LogUObjectHash: Compacting FUObjectHashTables data took   1.60ms
[2023.04.01-13.25.11:788][685]LogSlate: Window 'Delete Assets' being destroyed
[2023.04.01-13.25.12:659][685]LogUObjectGlobals: Force Deleting 6 Package(s):
	Asset Name: /Game/Sprite/TV0.TV0
	Asset Name: /Game/Sprite/TV0_Sprite_0.TV0_Sprite_0
	Asset Name: /Game/Sprite/TV1.TV1
	Asset Name: /Game/Sprite/TV1_Sprite_0.TV1_Sprite_0
	Asset Name: /Game/Sprite/TV2.TV2
	Asset Name: /Game/Sprite/TV2_Sprite.TV2_Sprite
[2023.04.01-13.25.13:470][685]LogUObjectHash: Compacting FUObjectHashTables data took   1.41ms
[2023.04.01-13.25.45:815][189]LogUObjectHash: Compacting FUObjectHashTables data took   0.55ms
[2023.04.01-13.25.45:905][189]LogSavePackage: Moving '../../../../../../Users/Администратор/Documents/GitHub/RixGame/Saved/PuzzleExampleMap_Auto310044937477834D595106FA8B3027075.tmp' to '../../../../../../Users/Администратор/Documents/GitHub/RixGame/Saved/Autosaves/Game/PuzzleBP/Maps/PuzzleExampleMap_Auto3.umap'
[2023.04.01-13.25.45:907][189]LogFileHelpers: Editor autosave (incl. sublevels) for '/Game/PuzzleBP/Maps/PuzzleExampleMap' took 0.114
[2023.04.01-13.25.45:907][189]LogFileHelpers: Editor autosave (incl. sublevels) for all levels took 0.114
[2023.04.01-13.25.45:909][189]OBJ SavePackage: Generating thumbnails for [1] asset(s) in package [/Game/Sprite/TetrisUI2_Sprite_0] ([1] browsable assets)...
[2023.04.01-13.25.45:915][189]OBJ SavePackage:     Rendered thumbnail for [PaperSprite /Game/Sprite/TetrisUI2_Sprite_0.TetrisUI2_Sprite_0]
[2023.04.01-13.25.45:915][189]OBJ SavePackage: Finished generating thumbnails for package [/Game/Sprite/TetrisUI2_Sprite_0]
[2023.04.01-13.25.45:921][189]LogSavePackage: Moving '../../../../../../Users/Администратор/Documents/GitHub/RixGame/Saved/TetrisUI2_Sprite_0_Auto34F6566A44BF1E04B956643A64843F914.tmp' to '../../../../../../Users/Администратор/Documents/GitHub/RixGame/Saved/Autosaves/Game/Sprite/TetrisUI2_Sprite_0_Auto3.uasset'
[2023.04.01-13.25.45:922][189]OBJ SavePackage: Generating thumbnails for [1] asset(s) in package [/Game/Sprite/TetrisUI_Sprite_0] ([1] browsable assets)...
[2023.04.01-13.25.45:928][189]OBJ SavePackage:     Rendered thumbnail for [PaperSprite /Game/Sprite/TetrisUI_Sprite_0.TetrisUI_Sprite_0]
[2023.04.01-13.25.45:928][189]OBJ SavePackage: Finished generating thumbnails for package [/Game/Sprite/TetrisUI_Sprite_0]
[2023.04.01-13.25.45:935][189]LogSavePackage: Moving '../../../../../../Users/Администратор/Documents/GitHub/RixGame/Saved/TetrisUI_Sprite_0_Auto30C8E61404A8CD215E42C9BAE931C6422.tmp' to '../../../../../../Users/Администратор/Documents/GitHub/RixGame/Saved/Autosaves/Game/Sprite/TetrisUI_Sprite_0_Auto3.uasset'
[2023.04.01-13.25.45:935][189]OBJ SavePackage: Generating thumbnails for [1] asset(s) in package [/Game/Sprite/TetrisUI3_Sprite_0] ([1] browsable assets)...
[2023.04.01-13.25.45:942][189]OBJ SavePackage:     Rendered thumbnail for [PaperSprite /Game/Sprite/TetrisUI3_Sprite_0.TetrisUI3_Sprite_0]
[2023.04.01-13.25.45:942][189]OBJ SavePackage: Finished generating thumbnails for package [/Game/Sprite/TetrisUI3_Sprite_0]
[2023.04.01-13.25.45:948][189]LogSavePackage: Moving '../../../../../../Users/Администратор/Documents/GitHub/RixGame/Saved/TetrisUI3_Sprite_0_Auto32EA371E94BC158506E436DB46D7710E0.tmp' to '../../../../../../Users/Администратор/Documents/GitHub/RixGame/Saved/Autosaves/Game/Sprite/TetrisUI3_Sprite_0_Auto3.uasset'
[2023.04.01-13.25.45:948][189]LogFileHelpers: Auto-saving content packages took 0.039
[2023.04.01-13.26.47:469][374]LogWindowsTextInputMethodSystem: Display: IME system now deactivated.
[2023.04.01-13.26.47:469][374]LogWindowsTextInputMethodSystem: Display: IME system now deactivated.
[2023.04.01-13.30.49:965][590]LogFactory: FactoryCreateFile: Texture with ReimportTextureFactory (0 0 C:\Users\Администратор\Desktop\TV0.png)
[2023.04.01-13.30.50:069][590]LogTexture: Display: Building textures: TV0 (AutoDXT, 2484X2052)
[2023.04.01-13.31.06:959][272]LogSlate: Window 'Extract sprites' being destroyed
[2023.04.01-13.34.36:701][ 97]LogUObjectHash: Compacting FUObjectHashTables data took   1.63ms
[2023.04.01-13.34.37:843][ 97]LogSlate: Window 'Delete Assets' being destroyed
[2023.04.01-13.34.37:919][ 97]LogUObjectHash: Compacting FUObjectHashTables data took   1.09ms
[2023.04.01-13.34.44:445][200]LogFactory: FactoryCreateFile: Texture with ReimportTextureFactory (0 0 C:\Users\Администратор\Desktop\TV0.png)
[2023.04.01-13.34.44:546][200]LogTexture: Display: Building textures: TV0 (AutoDXT, 2484X2088)
[2023.04.01-13.34.49:119][250]LogFactory: FactoryCreateFile: Texture with ReimportTextureFactory (0 0 C:\Users\Администратор\Desktop\TV4.png)
[2023.04.01-13.34.49:122][250]LogTexture: Display: Building textures: TV4 (BGRA8, 168X175)
[2023.04.01-13.34.54:917][310]LogFactory: FactoryCreateFile: Texture with ReimportTextureFactory (0 0 C:\Users\Администратор\Desktop\TV3.png)
[2023.04.01-13.34.54:920][310]LogTexture: Display: Building textures: TV3 (BGRA8, 194X174)
[2023.04.01-13.35.46:528][464]LogUObjectHash: Compacting FUObjectHashTables data took   1.18ms
[2023.04.01-13.35.46:529][464]LogFileHelpers: Editor autosave (incl. sublevels) for '/Game/PuzzleBP/Maps/PuzzleExampleMap' took 0.022
[2023.04.01-13.35.46:530][464]OBJ SavePackage: Generating thumbnails for [1] asset(s) in package [/Game/Sprite/TV0] ([1] browsable assets)...
[2023.04.01-13.35.46:535][464]OBJ SavePackage:     Rendered thumbnail for [Texture2D /Game/Sprite/TV0.TV0]
[2023.04.01-13.35.46:535][464]OBJ SavePackage: Finished generating thumbnails for package [/Game/Sprite/TV0]
[2023.04.01-13.35.46:535][464]Cmd: OBJ SAVEPACKAGE PACKAGE="/Game/Sprite/TV0" FILE="../../../../../../Users/Администратор/Documents/GitHub/RixGame/Saved/Autosaves/Game/Sprite/TV0_Auto4.uasset" SILENT=false AUTOSAVING=true
[2023.04.01-13.35.46:566][464]LogSavePackage: Moving '../../../../../../Users/Администратор/Documents/GitHub/RixGame/Saved/TV0_Auto4108B834F4901309896F68AA15A444A57.tmp' to '../../../../../../Users/Администратор/Documents/GitHub/RixGame/Saved/Autosaves/Game/Sprite/TV0_Auto4.uasset'
[2023.04.01-13.35.46:566][464]OBJ SavePackage: Generating thumbnails for [1] asset(s) in package [/Game/Sprite/TV4] ([1] browsable assets)...
[2023.04.01-13.35.46:570][464]OBJ SavePackage:     Rendered thumbnail for [Texture2D /Game/Sprite/TV4.TV4]
[2023.04.01-13.35.46:570][464]OBJ SavePackage: Finished generating thumbnails for package [/Game/Sprite/TV4]
[2023.04.01-13.35.46:570][464]Cmd: OBJ SAVEPACKAGE PACKAGE="/Game/Sprite/TV4" FILE="../../../../../../Users/Администратор/Documents/GitHub/RixGame/Saved/Autosaves/Game/Sprite/TV4_Auto4.uasset" SILENT=false AUTOSAVING=true
[2023.04.01-13.35.46:574][464]LogSavePackage: Moving '../../../../../../Users/Администратор/Documents/GitHub/RixGame/Saved/TV4_Auto4BFD14A974C48DB39E496FD8FE25ADF53.tmp' to '../../../../../../Users/Администратор/Documents/GitHub/RixGame/Saved/Autosaves/Game/Sprite/TV4_Auto4.uasset'
[2023.04.01-13.35.46:575][464]OBJ SavePackage: Generating thumbnails for [1] asset(s) in package [/Game/Sprite/TV3] ([1] browsable assets)...
[2023.04.01-13.35.46:579][464]OBJ SavePackage:     Rendered thumbnail for [Texture2D /Game/Sprite/TV3.TV3]
[2023.04.01-13.35.46:579][464]OBJ SavePackage: Finished generating thumbnails for package [/Game/Sprite/TV3]
[2023.04.01-13.35.46:579][464]Cmd: OBJ SAVEPACKAGE PACKAGE="/Game/Sprite/TV3" FILE="../../../../../../Users/Администратор/Documents/GitHub/RixGame/Saved/Autosaves/Game/Sprite/TV3_Auto4.uasset" SILENT=false AUTOSAVING=true
[2023.04.01-13.35.46:583][464]LogSavePackage: Moving '../../../../../../Users/Администратор/Documents/GitHub/RixGame/Saved/TV3_Auto431C701D74E56D2201B8FADB112BD3C5A.tmp' to '../../../../../../Users/Администратор/Documents/GitHub/RixGame/Saved/Autosaves/Game/Sprite/TV3_Auto4.uasset'
[2023.04.01-13.35.46:584][464]LogFileHelpers: Auto-saving content packages took 0.055
[2023.04.01-13.36.31:918][646]LogFactory: FactoryCreateFile: Texture with ReimportTextureFactory (0 0 C:\Users\Администратор\Desktop\TV2.png)
[2023.04.01-13.36.31:921][646]LogTexture: Display: Building textures: TV2 (BGRA8, 210X182)
[2023.04.01-13.36.31:927][646]LogFactory: FactoryCreateFile: Texture with ReimportTextureFactory (0 0 C:\Users\Администратор\Desktop\TV5.png)
[2023.04.01-13.36.31:930][646]LogTexture: Display: Building textures: TV5 (BGRA8, 183X181)
[2023.04.01-13.36.39:459][714]LogFactory: FactoryCreateFile: Texture with ReimportTextureFactory (0 0 C:\Users\Администратор\Desktop\TV1.png)
[2023.04.01-13.36.39:462][714]LogTexture: Display: Building textures: TV1 (BGRA8, 294X306)
[2023.04.01-13.36.52:038][173]LogSlate: Window 'Extract sprites' being destroyed
[2023.04.01-13.36.52:820][218]LogSlate: Window 'Extract sprites' being destroyed
[2023.04.01-13.36.53:504][257]LogSlate: Window 'Extract sprites' being destroyed
[2023.04.01-13.36.54:135][293]LogSlate: Window 'Extract sprites' being destroyed
[2023.04.01-13.36.55:075][347]LogSlate: Window 'Extract sprites' being destroyed
[2023.04.01-13.36.56:427][422]LogSlate: Window 'Extract sprites' being destroyed
[2023.04.01-13.37.07:149][ 18]LogUObjectHash: Compacting FUObjectHashTables data took   1.19ms
[2023.04.01-13.37.08:509][ 18]LogSlate: Window 'Delete Assets' being destroyed
[2023.04.01-13.37.08:578][ 18]LogUObjectHash: Compacting FUObjectHashTables data took   1.34ms
[2023.04.01-13.37.09:790][ 90]LogUObjectHash: Compacting FUObjectHashTables data took   0.57ms
[2023.04.01-13.37.10:981][ 90]LogSlate: Window 'Delete Assets' being destroyed
[2023.04.01-13.37.11:053][ 90]LogUObjectHash: Compacting FUObjectHashTables data took   1.31ms
